2019-09-17 19:06:32,586|I|Thread-1|(DELAYED) nexial-core dev_0636 starting up...
2019-09-17 19:06:32,593|I|Thread-1|(DELAYED) data file resolved as C:\Users\ANNE~1.SIV\AppData\Local\Temp\wCBLW\Makemytrip.data.xlsx
2019-09-17 19:06:32,593|I|Thread-1|(DELAYED) input files and output directory resolved...
2019-09-17 19:06:32,593|I|Thread-1|(DELAYED) No predefined nexial-setup found
2019-09-17 19:06:32,593|I|Thread-1|(DELAYED) [20190917_190632] [C:\projects\Makemytrip\artifact\script\Makemytrip.xlsx] resolve RUN ID as 20190917_190632
2019-09-17 19:06:32,593|I|Thread-1|(DELAYED) [20190917_190632] [C:\projects\Makemytrip\artifact\script\Makemytrip.xlsx] new thread started
2019-09-17 19:06:32,629|I|Thread-1|No predefined nexial-setup found
2019-09-17 19:06:32,729|I|Thread-1|outputBase not set; output-to-cloud DISABLED!
2019-09-17 19:06:32,731|I|Thread-1|accessKey not set; output-to-cloud DISABLED!
2019-09-17 19:06:32,733|I|Thread-1|secretKey not set; output-to-cloud DISABLED!
2019-09-17 19:06:32,787|I|Thread-1|missing REQUIRED configuration; sms DISABLED!
2019-09-17 19:06:34,011|I|Thread-1|[20190917_190632] executing C:\projects\Makemytrip\artifact\script\Makemytrip.xlsx with 1 iteration(s)
2019-09-17 19:06:34,018|I|Thread-1|[20190917_190632] create directory C:\projects\Makemytrip\output\20190917_190632\captures
2019-09-17 19:06:34,019|I|Thread-1|[20190917_190632] create directory C:\projects\Makemytrip\output\20190917_190632\logs
2019-09-17 19:06:35,220|I|Thread-1|[20190917_190632] merging test data to tmp file C:\projects\Makemytrip\output\20190917_190632\Makemytrip.20190917_190634.001.xlsx
2019-09-17 19:06:35,223|I|Thread-1|refetching data from C:\projects\Makemytrip\artifact\data\Makemytrip.data.xlsx
2019-09-17 19:06:35,657|I|Thread-1|[20190917_190632] test script and test data merged to C:\projects\Makemytrip\output\20190917_190632\Makemytrip.20190917_190634.001.xlsx
2019-09-17 19:06:36,774|I|Thread-1|STARTS
2019-09-17 19:06:36,811|I|Thread-1|Makemytrip.20190917_190634.001 - executing iteration #1 of 1; Iteration Id 1
2019-09-17 19:06:36,824|I|Thread-1|Makemytrip.20190917_190634.001|Scenario - executing test scenario
2019-09-17 19:06:36,827|I|Thread-1|Makemytrip.20190917_190634.001|Scenario|Flight Booking - executing activity
2019-09-17 19:06:37,431|I|Thread-1|Makemytrip.20190917_190634.001|Scenario|Flight Booking|#  5|web.open(url) - executing open(url)(${URL})
2019-09-17 19:06:37,445|I|Thread-1|No valid instance of webdriver, initializing...
2019-09-17 19:06:37,457|I|Thread-1|init chrome
2019-09-17 19:06:41,132|I|Thread-1|browser initialization completed for 'chrome'
2019-09-17 19:06:41,185|I|Thread-1|setting browser polling wait time to 800 ms
2019-09-17 19:06:41,215|I|Thread-1|setting browser page load timeout to 10000 ms
2019-09-17 19:06:44,616|I|Thread-1|current browser window handle:CDwindow-ECE67E0BD5750E644AEDD3E7879D7567
2019-09-17 19:06:45,019|I|Thread-1|Makemytrip.20190917_190634.001|Scenario|Flight Booking|#  5|web.open(url) - PASS opened URL https://www.easemytrip.com/
2019-09-17 19:06:45,636|I|Thread-1|Makemytrip.20190917_190634.001|Scenario|Flight Booking|#  6|web.maximizeWindow() - executing maximizeWindow()()
2019-09-17 19:06:46,872|I|Thread-1|Makemytrip.20190917_190634.001|Scenario|Flight Booking|#  6|web.maximizeWindow() - PASS browser window maximized
2019-09-17 19:06:47,477|I|Thread-1|Makemytrip.20190917_190634.001|Scenario|Flight Booking|#  7|web.assertTextContains(lo - executing assertTextContains(locator,text)(${loc.title}, ${homepage title})
2019-09-17 19:06:47,793|I|Thread-1|Makemytrip.20190917_190634.001|Scenario|Flight Booking|#  7|web.assertTextContains(lo - PASS validated text 'Search Lowest Airfare' contains 'Search Lowest Airfare'
2019-09-17 19:06:48,437|I|Thread-1|Makemytrip.20190917_190634.001|Scenario|Flight Booking|#  8|web.click(locator) - executing click(locator)(${loc.flight.icon})
2019-09-17 19:06:48,538|I|Thread-1|clicking '//div[@class='left-menu']//a[contains(text(),'Flight')]'...
2019-09-17 19:06:48,613|I|Thread-1|click target via JS, @id=
2019-09-17 19:06:50,499|I|Thread-1|clicked -> true
2019-09-17 19:06:50,504|I|Thread-1|Makemytrip.20190917_190634.001|Scenario|Flight Booking|#  8|web.click(locator) - PASS click via JS event
2019-09-17 19:06:51,118|I|Thread-1|Makemytrip.20190917_190634.001|Scenario|Flight Booking|#  9|web.assertTextContains(lo - executing assertTextContains(locator,text)(${loc.title}, ${flightpage title})
2019-09-17 19:06:51,270|I|Thread-1|Makemytrip.20190917_190634.001|Scenario|Flight Booking|#  9|web.assertTextContains(lo - PASS validated text 'Cheap Air Tickets' contains 'Cheap Air Tickets'
2019-09-17 19:06:51,881|I|Thread-1|Makemytrip.20190917_190634.001|Scenario|Flight Booking|# 10|web.typeKeys(locator,valu - executing typeKeys(locator,value)(${loc.from}, ${from})
2019-09-17 19:06:53,227|I|Thread-1|Makemytrip.20190917_190634.001|Scenario|Flight Booking|# 10|web.typeKeys(locator,valu - PASS typed text at '//input[@id='FromSector_show']'
2019-09-17 19:06:53,839|I|Thread-1|Makemytrip.20190917_190634.001|Scenario|Flight Booking|# 11|web.typeKeys(locator,valu - executing typeKeys(locator,value)(${loc.from}, {DOWN}{ENTER})
2019-09-17 19:06:54,718|I|Thread-1|Makemytrip.20190917_190634.001|Scenario|Flight Booking|# 11|web.typeKeys(locator,valu - PASS typed text at '//input[@id='FromSector_show']'
2019-09-17 19:06:55,345|I|Thread-1|Makemytrip.20190917_190634.001|Scenario|Flight Booking|# 12|web.type(locator,value) - executing type(locator,value)(${loc.to}, ${to})
2019-09-17 19:06:56,006|I|Thread-1|Makemytrip.20190917_190634.001|Scenario|Flight Booking|# 12|web.type(locator,value) - PASS typed text at '//input[@id='Editbox13_show']'
2019-09-17 19:06:56,611|I|Thread-1|Makemytrip.20190917_190634.001|Scenario|Flight Booking|# 13|web.typeKeys(locator,valu - executing typeKeys(locator,value)(${loc.to}, {DOWN}{ENTER})
2019-09-17 19:06:57,401|I|Thread-1|Makemytrip.20190917_190634.001|Scenario|Flight Booking|# 13|web.typeKeys(locator,valu - PASS typed text at '//input[@id='Editbox13_show']'
2019-09-17 19:06:58,005|I|Thread-1|Makemytrip.20190917_190634.001|Scenario|Flight Booking|# 14|web.click(locator) - executing click(locator)(${loc.click.date})
2019-09-17 19:06:58,112|I|Thread-1|clicking '//input[@id='ddate']'...
2019-09-17 19:06:58,167|I|Thread-1|click target via JS, @id=ddate
2019-09-17 19:06:58,311|I|Thread-1|clicked -> true
2019-09-17 19:06:58,315|I|Thread-1|Makemytrip.20190917_190634.001|Scenario|Flight Booking|# 14|web.click(locator) - PASS click via JS event
2019-09-17 19:06:58,936|I|Thread-1|Makemytrip.20190917_190634.001|Scenario|Flight Booking|# 15|web.click(locator) - executing click(locator)(${loc.date})
2019-09-17 19:06:58,999|I|Thread-1|clicking '//li[@id='frth_4_24/10/2019']'...
2019-09-17 19:06:59,048|I|Thread-1|click target via JS, @id=frth_4_24/10/2019
2019-09-17 19:06:59,135|I|Thread-1|clicked -> true
2019-09-17 19:06:59,137|I|Thread-1|Makemytrip.20190917_190634.001|Scenario|Flight Booking|# 15|web.click(locator) - PASS click via JS event
2019-09-17 19:06:59,741|I|Thread-1|Makemytrip.20190917_190634.001|Scenario|Flight Booking|# 16|web.click(locator) - executing click(locator)(${loc.search.button})
2019-09-17 19:06:59,851|I|Thread-1|clicking '//input[@value='Search']'...
2019-09-17 19:06:59,902|I|Thread-1|click target via JS, @id=
2019-09-17 19:07:05,824|I|Thread-1|clicked -> true
2019-09-17 19:07:05,829|I|Thread-1|Makemytrip.20190917_190634.001|Scenario|Flight Booking|# 16|web.click(locator) - PASS click via JS event
2019-09-17 19:07:06,482|I|Thread-1|Makemytrip.20190917_190634.001|Scenario|Flight Booking|# 17|web.assertElementPresent( - executing assertElementPresent(locator)(${loc.assert.searchpage})
2019-09-17 19:07:06,579|I|Thread-1|Makemytrip.20190917_190634.001|Scenario|Flight Booking|# 17|web.assertElementPresent( - PASS EXPECTED element '//div[@class='min-ht ng-scope chk_index']' found
2019-09-17 19:07:07,183|I|Thread-1|Makemytrip.20190917_190634.001|Scenario|Flight Booking|# 18|web.click(locator) - executing click(locator)(${loc.filter.nonstop})
2019-09-17 19:07:07,290|I|Thread-1|clicking '//input[@id='chkNonStop']'...
2019-09-17 19:07:07,349|I|Thread-1|click target via JS, @id=chkNonStop
2019-09-17 19:07:07,519|I|Thread-1|clicked -> true
2019-09-17 19:07:07,521|I|Thread-1|Makemytrip.20190917_190634.001|Scenario|Flight Booking|# 18|web.click(locator) - PASS click via JS event
2019-09-17 19:07:08,125|I|Thread-1|Makemytrip.20190917_190634.001|Scenario|Flight Booking|# 19|web.assertTextContains(lo - executing assertTextContains(locator,text)(${loc.assert.nonstop.textpresent}, ${filter name})
2019-09-17 19:07:08,245|I|Thread-1|Makemytrip.20190917_190634.001|Scenario|Flight Booking|# 19|web.assertTextContains(lo - PASS validated text 'Nonstop' contains 'Nonstop'
2019-09-17 19:07:08,849|I|Thread-1|Makemytrip.20190917_190634.001|Scenario|Flight Booking|# 20|web.assertChecked(locator - executing assertChecked(locator)(${loc.assert.nonstop.checked})
2019-09-17 19:07:08,942|I|Thread-1|Makemytrip.20190917_190634.001|Scenario|Flight Booking|# 20|web.assertChecked(locator - PASS 
2019-09-17 19:07:09,547|I|Thread-1|Makemytrip.20190917_190634.001|Scenario|Flight Booking|# 21|web.click(locator) - executing click(locator)(${loc.booknow.button})
2019-09-17 19:07:09,619|I|Thread-1|clicking '(//button[@class='btn  book-bt-n'])[3]'...
2019-09-17 19:07:09,676|I|Thread-1|click target via JS, @id=
2019-09-17 19:07:14,751|I|Thread-1|clicked -> true
2019-09-17 19:07:14,754|I|Thread-1|Makemytrip.20190917_190634.001|Scenario|Flight Booking|# 21|web.click(locator) - PASS click via JS event
2019-09-17 19:07:15,357|I|Thread-1|Makemytrip.20190917_190634.001|Scenario|Flight Booking|# 22|web.assertElementPresent( - executing assertElementPresent(locator)(${loc.assert.booknow.button})
2019-09-17 19:07:15,537|I|Thread-1|Makemytrip.20190917_190634.001|Scenario|Flight Booking|# 22|web.assertElementPresent( - PASS EXPECTED element '//div[@class='fd-h']' found
2019-09-17 19:07:16,087|I|Thread-1|[Makemytrip.20190917_190634.001|Scenario] saving test scenario
2019-09-17 19:07:16,528|I|Thread-1|[20190917_190632] 
/-TEST COMPLETE-----------------------------------------------------------------
| Test Output:    C:\projects\Makemytrip\output\20190917_190632\Makemytrip.20190917_190634.001.xlsx
| Iteration:      1
\-------------------------------------------------------------------------------
» Execution Time: 39699 ms
» Test Steps:     18
» Error(s):       0



2019-09-17 19:07:18,403|I|Thread-1|[20190917_190632] 
/-TEST COMPLETE-----------------------------------------------------------------
| Test Script:    C:\projects\Makemytrip\artifact\script\Makemytrip.xlsx
\-------------------------------------------------------------------------------
» Execution Time: 46079 ms
» Iterations:     [1] total 1
» Test Steps:     18
» Passed:         18
» Error(s):       0
» Iteration 1 of 1: C:\projects\Makemytrip\output\20190917_190632\Makemytrip.20190917_190634.001.xlsx



2019-09-17 19:07:19,369|I|main|[20190917_190632] [C:\projects\Makemytrip\artifact\script\Makemytrip.xlsx] now completed
2019-09-17 19:07:19,371|I|main|[20190917_190632] all execution thread(s) have terminated
2019-09-17 19:07:19,372|I|main|[20190917_190632] test run completed in about 47 seconds
2019-09-17 19:07:19,690|I|main|No predefined nexial-setup found
2019-09-17 19:07:19,837|I|main|outputBase not set; output-to-cloud DISABLED!
2019-09-17 19:07:19,875|I|main|accessKey not set; output-to-cloud DISABLED!
2019-09-17 19:07:19,879|I|main|secretKey not set; output-to-cloud DISABLED!
2019-09-17 19:07:19,926|I|main|generating HTML output for this execution to C:\projects\Makemytrip\output\20190917_190632\execution-output.html
2019-09-17 19:07:21,552|I|main|generating JUnit XML output for this execution to C:\projects\Makemytrip\output\20190917_190632\junit.xml
2019-09-17 19:07:21,671|I|main|generated JUnit report for this execution: C:\projects\Makemytrip\output\20190917_190632\junit.xml
2019-09-17 19:07:21,676|I|main|nexial mailer not enabled: nexial.enableEmail=false
2019-09-17 19:07:21,679|I|main|skipped email notification as configured
2019-09-17 19:07:21,685|I|main|exiting Nexial...
2019-09-17 19:07:21,687|I|main|shutdown starts...
2019-09-17 19:07:21,691|I|main|Shutting down 'chrome' webdriver...
2019-09-17 19:07:25,900|I|main|shutdown ends...
2019-09-17 19:07:25,908|I|main|

/-END OF EXECUTION--------------------------------------------------------------
| » Execution Time: 47 sec.
| » Test Steps....: 18
| » Passed........: 18
| » Failed........: 0
| » Success Rate..: 100.00%
\----------------------------------------------------------nexial-core dev_0636-

2019-09-17 19:07:25,924|I|main|ALL PASSED!
2019-09-17 19:07:25,929|I|main|End of Execution:
NEXIAL_OUTPUT:         C:\projects\Makemytrip\output\20190917_190632
NEXIAL_EXECUTION_HTML: C:\projects\Makemytrip\output\20190917_190632\execution-output.html
NEXIAL_JUNIT_XML:      C:\projects\Makemytrip\output\20190917_190632\junit.xml
NEXIAL_SUCCESS_RATE:   100.00%
NEXIAL_EXIT_STATUS:    0
