2019-09-17 17:03:00,625|I|Thread-1|(DELAYED) nexial-core dev_0636 starting up...
2019-09-17 17:03:00,632|I|Thread-1|(DELAYED) data file resolved as C:\Users\ANNE~1.SIV\AppData\Local\Temp\tyMCY\Makemytrip.data.xlsx
2019-09-17 17:03:00,632|I|Thread-1|(DELAYED) input files and output directory resolved...
2019-09-17 17:03:00,632|I|Thread-1|(DELAYED) No predefined nexial-setup found
2019-09-17 17:03:00,632|I|Thread-1|(DELAYED) [20190917_170300] [C:\projects\Makemytrip\artifact\script\Makemytrip.xlsx] resolve RUN ID as 20190917_170300
2019-09-17 17:03:00,632|I|Thread-1|(DELAYED) [20190917_170300] [C:\projects\Makemytrip\artifact\script\Makemytrip.xlsx] new thread started
2019-09-17 17:03:00,633|I|Thread-1|No predefined nexial-setup found
2019-09-17 17:03:00,717|I|Thread-1|outputBase not set; output-to-cloud DISABLED!
2019-09-17 17:03:00,718|I|Thread-1|accessKey not set; output-to-cloud DISABLED!
2019-09-17 17:03:00,718|I|Thread-1|secretKey not set; output-to-cloud DISABLED!
2019-09-17 17:03:00,747|I|Thread-1|missing REQUIRED configuration; sms DISABLED!
2019-09-17 17:03:02,090|I|Thread-1|[20190917_170300] executing C:\projects\Makemytrip\artifact\script\Makemytrip.xlsx with 1 iteration(s)
2019-09-17 17:03:02,101|I|Thread-1|[20190917_170300] create directory C:\projects\Makemytrip\output\20190917_170300\captures
2019-09-17 17:03:02,104|I|Thread-1|[20190917_170300] create directory C:\projects\Makemytrip\output\20190917_170300\logs
2019-09-17 17:03:03,055|I|Thread-1|[20190917_170300] merging test data to tmp file C:\projects\Makemytrip\output\20190917_170300\Makemytrip.20190917_170302.001.xlsx
2019-09-17 17:03:03,057|I|Thread-1|refetching data from C:\projects\Makemytrip\artifact\data\Makemytrip.data.xlsx
2019-09-17 17:03:03,396|I|Thread-1|[20190917_170300] test script and test data merged to C:\projects\Makemytrip\output\20190917_170300\Makemytrip.20190917_170302.001.xlsx
2019-09-17 17:03:04,248|I|Thread-1|STARTS
2019-09-17 17:03:04,280|I|Thread-1|Makemytrip.20190917_170302.001 - executing iteration #1 of 1; Iteration Id 1
2019-09-17 17:03:04,293|I|Thread-1|Makemytrip.20190917_170302.001|Scenario - executing test scenario
2019-09-17 17:03:04,295|I|Thread-1|Makemytrip.20190917_170302.001|Scenario|Flight Booking - executing activity
2019-09-17 17:03:04,898|I|Thread-1|Makemytrip.20190917_170302.001|Scenario|Flight Booking|#  5|web.open(url) - executing open(url)(${url})
2019-09-17 17:03:04,911|I|Thread-1|No valid instance of webdriver, initializing...
2019-09-17 17:03:04,917|I|Thread-1|init chrome
2019-09-17 17:03:08,349|I|Thread-1|browser initialization completed for 'chrome'
2019-09-17 17:03:08,397|I|Thread-1|setting browser polling wait time to 800 ms
2019-09-17 17:03:08,439|I|Thread-1|setting browser page load timeout to 10000 ms
2019-09-17 17:03:08,848|E|Thread-1|Makemytrip.20190917_170302.001|Scenario|Flight Booking|#  5|web.open(url) - FAIL invalid URL: {}
2019-09-17 17:03:08,856|I|Thread-1|Makemytrip.20190917_170302.001|Scenario|Flight Booking - [ABORT] due to failure on fail-fast command: web.open(url)
2019-09-17 17:03:08,860|I|Thread-1|Makemytrip.20190917_170302.001|Scenario - [ABORT] skipping test activity due to previous failure
2019-09-17 17:03:09,018|I|Thread-1|[Makemytrip.20190917_170302.001|Scenario] saving test scenario
2019-09-17 17:03:09,357|I|Thread-1|Makemytrip.20190917_170302.001 - [ABORT] fail-immediate in effect - test execution will stop now.
2019-09-17 17:03:09,372|I|Thread-1|[20190917_170300] 
/-TEST COMPLETE-----------------------------------------------------------------
| Test Output:    C:\projects\Makemytrip\output\20190917_170300\Makemytrip.20190917_170302.001.xlsx
| Iteration:      1
\-------------------------------------------------------------------------------
» Execution Time: 5082 ms
» Test Steps:     1
» Error(s):       1



2019-09-17 17:03:09,375|I|Thread-1|Makemytrip.20190917_170302.001 - [ABORT] fail-immediate in effect - test execution will stop now.
2019-09-17 17:03:11,099|I|Thread-1|[20190917_170300] 
/-TEST COMPLETE-----------------------------------------------------------------
| Test Script:    C:\projects\Makemytrip\artifact\script\Makemytrip.xlsx
\-------------------------------------------------------------------------------
» Execution Time: 10789 ms
» Iterations:     [1] total 1
» Test Steps:     1
» Passed:         0
» Error(s):       1
» Iteration 1 of 1: C:\projects\Makemytrip\output\20190917_170300\Makemytrip.20190917_170302.001.xlsx



2019-09-17 17:03:11,295|I|main|[20190917_170300] [C:\projects\Makemytrip\artifact\script\Makemytrip.xlsx] now completed
2019-09-17 17:03:11,296|I|main|[20190917_170300] all execution thread(s) have terminated
2019-09-17 17:03:11,297|I|main|[20190917_170300] test run completed in about 11 seconds
2019-09-17 17:03:11,433|I|main|No predefined nexial-setup found
2019-09-17 17:03:11,495|I|main|outputBase not set; output-to-cloud DISABLED!
2019-09-17 17:03:11,497|I|main|accessKey not set; output-to-cloud DISABLED!
2019-09-17 17:03:11,500|I|main|secretKey not set; output-to-cloud DISABLED!
2019-09-17 17:03:11,503|I|main|generating HTML output for this execution to C:\projects\Makemytrip\output\20190917_170300\execution-output.html
2019-09-17 17:03:12,775|I|main|generating JUnit XML output for this execution to C:\projects\Makemytrip\output\20190917_170300\junit.xml
2019-09-17 17:03:12,860|I|main|generated JUnit report for this execution: C:\projects\Makemytrip\output\20190917_170300\junit.xml
2019-09-17 17:03:12,861|I|main|nexial mailer not enabled: nexial.enableEmail=false
2019-09-17 17:03:12,862|I|main|skipped email notification as configured
2019-09-17 17:03:12,865|I|main|exiting Nexial...
2019-09-17 17:03:12,866|I|main|shutdown starts...
2019-09-17 17:03:12,867|I|main|Shutting down 'chrome' webdriver...
2019-09-17 17:03:16,747|I|main|shutdown ends...
2019-09-17 17:03:16,754|I|main|

/-END OF EXECUTION--------------------------------------------------------------
| » Execution Time: 11 sec.
| » Test Steps....: 1
| » Passed........: 0
| » Failed........: 1
| » Success Rate..: 0.00%
\----------------------------------------------------------nexial-core dev_0636-

2019-09-17 17:03:16,764|E|main|failure found; success rate is 0.00%
2019-09-17 17:03:16,772|I|main|End of Execution:
NEXIAL_OUTPUT:         C:\projects\Makemytrip\output\20190917_170300
NEXIAL_EXECUTION_HTML: C:\projects\Makemytrip\output\20190917_170300\execution-output.html
NEXIAL_JUNIT_XML:      C:\projects\Makemytrip\output\20190917_170300\junit.xml
NEXIAL_SUCCESS_RATE:   0.00%
NEXIAL_EXIT_STATUS:    -13
