2019-09-17 18:38:40,945|I|Thread-1|(DELAYED) nexial-core dev_0636 starting up...
2019-09-17 18:38:40,954|I|Thread-1|(DELAYED) data file resolved as C:\Users\ANNE~1.SIV\AppData\Local\Temp\BpKTd\Makemytrip.data.xlsx
2019-09-17 18:38:40,954|I|Thread-1|(DELAYED) input files and output directory resolved...
2019-09-17 18:38:40,954|I|Thread-1|(DELAYED) No predefined nexial-setup found
2019-09-17 18:38:40,954|I|Thread-1|(DELAYED) [20190917_183840] [C:\projects\Makemytrip\artifact\script\Makemytrip.xlsx] resolve RUN ID as 20190917_183840
2019-09-17 18:38:40,954|I|Thread-1|(DELAYED) [20190917_183840] [C:\projects\Makemytrip\artifact\script\Makemytrip.xlsx] new thread started
2019-09-17 18:38:40,954|I|Thread-1|No predefined nexial-setup found
2019-09-17 18:38:41,071|I|Thread-1|outputBase not set; output-to-cloud DISABLED!
2019-09-17 18:38:41,072|I|Thread-1|accessKey not set; output-to-cloud DISABLED!
2019-09-17 18:38:41,073|I|Thread-1|secretKey not set; output-to-cloud DISABLED!
2019-09-17 18:38:41,118|I|Thread-1|missing REQUIRED configuration; sms DISABLED!
2019-09-17 18:38:43,063|I|Thread-1|[20190917_183840] executing C:\projects\Makemytrip\artifact\script\Makemytrip.xlsx with 1 iteration(s)
2019-09-17 18:38:43,076|I|Thread-1|[20190917_183840] create directory C:\projects\Makemytrip\output\20190917_183840\captures
2019-09-17 18:38:43,079|I|Thread-1|[20190917_183840] create directory C:\projects\Makemytrip\output\20190917_183840\logs
2019-09-17 18:38:44,559|I|Thread-1|[20190917_183840] merging test data to tmp file C:\projects\Makemytrip\output\20190917_183840\Makemytrip.20190917_183843.001.xlsx
2019-09-17 18:38:44,560|I|Thread-1|refetching data from C:\projects\Makemytrip\artifact\data\Makemytrip.data.xlsx
2019-09-17 18:38:45,190|I|Thread-1|[20190917_183840] test script and test data merged to C:\projects\Makemytrip\output\20190917_183840\Makemytrip.20190917_183843.001.xlsx
2019-09-17 18:38:47,100|I|Thread-1|STARTS
2019-09-17 18:38:47,215|I|Thread-1|Makemytrip.20190917_183843.001 - executing iteration #1 of 1; Iteration Id 1
2019-09-17 18:38:47,232|I|Thread-1|Makemytrip.20190917_183843.001|Scenario - executing test scenario
2019-09-17 18:38:47,249|I|Thread-1|Makemytrip.20190917_183843.001|Scenario|Flight Booking - executing activity
2019-09-17 18:38:47,878|I|Thread-1|Makemytrip.20190917_183843.001|Scenario|Flight Booking|#  5|web.open(url) - executing open(url)(${URL})
2019-09-17 18:38:47,934|I|Thread-1|No valid instance of webdriver, initializing...
2019-09-17 18:38:47,958|I|Thread-1|init chrome
2019-09-17 18:38:51,831|I|Thread-1|browser initialization completed for 'chrome'
2019-09-17 18:38:51,888|I|Thread-1|setting browser polling wait time to 800 ms
2019-09-17 18:38:51,947|I|Thread-1|setting browser page load timeout to 10000 ms
2019-09-17 18:38:55,803|I|Thread-1|current browser window handle:CDwindow-68011EE43ACD82E69E84D37EED4E21F0
2019-09-17 18:38:56,434|I|Thread-1|Makemytrip.20190917_183843.001|Scenario|Flight Booking|#  5|web.open(url) - PASS opened URL https://www.easemytrip.com/
2019-09-17 18:38:57,039|I|Thread-1|Makemytrip.20190917_183843.001|Scenario|Flight Booking|#  6|web.maximizeWindow() - executing maximizeWindow()()
2019-09-17 18:38:58,341|I|Thread-1|Makemytrip.20190917_183843.001|Scenario|Flight Booking|#  6|web.maximizeWindow() - PASS browser window maximized
2019-09-17 18:38:58,965|I|Thread-1|Makemytrip.20190917_183843.001|Scenario|Flight Booking|#  7|web.assertElementByText(l - executing assertElementByText(locator,text)(${loc.homepage.title}, ${homepage title})
2019-09-17 18:38:59,143|I|Thread-1|Makemytrip.20190917_183843.001|Scenario|Flight Booking|#  7|web.assertElementByText(l - PASS validated locator '//h1' by text 'Search Lowest Airfare' as EXPECTED
2019-09-17 18:38:59,756|I|Thread-1|Makemytrip.20190917_183843.001|Scenario|Flight Booking|#  8|web.click(locator) - executing click(locator)(${loc.flight.icon})
2019-09-17 18:38:59,864|I|Thread-1|clicking '//div[@class='left-menu']//a[contains(text(),'Flight')]'...
2019-09-17 18:38:59,951|I|Thread-1|click target via JS, @id=
2019-09-17 18:39:01,746|I|Thread-1|clicked -> true
2019-09-17 18:39:01,751|I|Thread-1|Makemytrip.20190917_183843.001|Scenario|Flight Booking|#  8|web.click(locator) - PASS click via JS event
2019-09-17 18:39:02,358|I|Thread-1|Makemytrip.20190917_183843.001|Scenario|Flight Booking|#  9|web.typeKeys(locator,valu - executing typeKeys(locator,value)(${loc.from}, ${from})
2019-09-17 18:39:03,766|I|Thread-1|Makemytrip.20190917_183843.001|Scenario|Flight Booking|#  9|web.typeKeys(locator,valu - PASS typed text at '//input[@id='FromSector_show']'
2019-09-17 18:39:04,405|I|Thread-1|Makemytrip.20190917_183843.001|Scenario|Flight Booking|# 10|web.typeKeys(locator,valu - executing typeKeys(locator,value)(${loc.from}, {DOWN}{ENTER})
2019-09-17 18:39:05,254|I|Thread-1|Makemytrip.20190917_183843.001|Scenario|Flight Booking|# 10|web.typeKeys(locator,valu - PASS typed text at '//input[@id='FromSector_show']'
2019-09-17 18:39:05,870|I|Thread-1|Makemytrip.20190917_183843.001|Scenario|Flight Booking|# 11|web.type(locator,value) - executing type(locator,value)(${loc.to}, ${to})
2019-09-17 18:39:06,502|I|Thread-1|Makemytrip.20190917_183843.001|Scenario|Flight Booking|# 11|web.type(locator,value) - PASS typed text at '//input[@id='Editbox13_show']'
2019-09-17 18:39:07,106|I|Thread-1|Makemytrip.20190917_183843.001|Scenario|Flight Booking|# 12|web.typeKeys(locator,valu - executing typeKeys(locator,value)(${loc.to}, {DOWN}{ENTER})
2019-09-17 18:39:07,876|I|Thread-1|Makemytrip.20190917_183843.001|Scenario|Flight Booking|# 12|web.typeKeys(locator,valu - PASS typed text at '//input[@id='Editbox13_show']'
2019-09-17 18:39:08,480|I|Thread-1|Makemytrip.20190917_183843.001|Scenario|Flight Booking|# 13|web.click(locator) - executing click(locator)(${loc.click.date})
2019-09-17 18:39:08,549|I|Thread-1|clicking '//input[@id='ddate']'...
2019-09-17 18:39:08,595|I|Thread-1|click target via JS, @id=ddate
2019-09-17 18:39:08,733|I|Thread-1|clicked -> true
2019-09-17 18:39:08,736|I|Thread-1|Makemytrip.20190917_183843.001|Scenario|Flight Booking|# 13|web.click(locator) - PASS click via JS event
2019-09-17 18:39:09,351|I|Thread-1|Makemytrip.20190917_183843.001|Scenario|Flight Booking|# 14|web.click(locator) - executing click(locator)(${loc.date})
2019-09-17 18:39:09,417|I|Thread-1|clicking '//li[@id='frth_4_24/10/2019']'...
2019-09-17 18:39:09,469|I|Thread-1|click target via JS, @id=frth_4_24/10/2019
2019-09-17 18:39:09,549|I|Thread-1|clicked -> true
2019-09-17 18:39:09,551|I|Thread-1|Makemytrip.20190917_183843.001|Scenario|Flight Booking|# 14|web.click(locator) - PASS click via JS event
2019-09-17 18:39:10,153|I|Thread-1|Makemytrip.20190917_183843.001|Scenario|Flight Booking|# 15|web.click(locator) - executing click(locator)(${loc.search.button})
2019-09-17 18:39:10,231|I|Thread-1|clicking '//input[@value='Search']'...
2019-09-17 18:39:10,274|I|Thread-1|click target via JS, @id=
2019-09-17 18:39:12,570|I|Thread-1|clicked -> true
2019-09-17 18:39:12,574|I|Thread-1|Makemytrip.20190917_183843.001|Scenario|Flight Booking|# 15|web.click(locator) - PASS click via JS event
2019-09-17 18:39:13,182|I|Thread-1|Makemytrip.20190917_183843.001|Scenario|Flight Booking|# 16|web.click(locator) - executing click(locator)(${loc.filter.nonstop})
2019-09-17 18:39:13,256|I|Thread-1|clicking '//input[@id='chkNonStop']'...
2019-09-17 18:39:13,304|I|Thread-1|click target via JS, @id=chkNonStop
2019-09-17 18:39:13,385|I|Thread-1|clicked -> true
2019-09-17 18:39:13,388|I|Thread-1|Makemytrip.20190917_183843.001|Scenario|Flight Booking|# 16|web.click(locator) - PASS click via JS event
2019-09-17 18:39:13,993|I|Thread-1|Makemytrip.20190917_183843.001|Scenario|Flight Booking|# 17|web.click(locator) - executing click(locator)(${loc.booknow.button})
2019-09-17 18:39:14,861|E|Thread-1|Makemytrip.20190917_183843.001|Scenario|Flight Booking|# 17|web.click(locator) - FAIL No element via locator '(//button[@class='btn  book-bt-n'])[2]'
2019-09-17 18:39:15,105|I|Thread-1|[Makemytrip.20190917_183843.001|Scenario] saving test scenario
2019-09-17 18:39:15,449|I|Thread-1|[20190917_183840] 
/-TEST COMPLETE-----------------------------------------------------------------
| Test Output:    C:\projects\Makemytrip\output\20190917_183840\Makemytrip.20190917_183843.001.xlsx
| Iteration:      1
\-------------------------------------------------------------------------------
» Execution Time: 28216 ms
» Test Steps:     13
» Error(s):       1



2019-09-17 18:39:17,794|I|Thread-1|[20190917_183840] 
/-TEST COMPLETE-----------------------------------------------------------------
| Test Script:    C:\projects\Makemytrip\artifact\script\Makemytrip.xlsx
\-------------------------------------------------------------------------------
» Execution Time: 37204 ms
» Iterations:     [1] total 1
» Test Steps:     13
» Passed:         12
» Error(s):       1
» Iteration 1 of 1: C:\projects\Makemytrip\output\20190917_183840\Makemytrip.20190917_183843.001.xlsx



2019-09-17 18:39:18,731|I|main|[20190917_183840] [C:\projects\Makemytrip\artifact\script\Makemytrip.xlsx] now completed
2019-09-17 18:39:18,732|I|main|[20190917_183840] all execution thread(s) have terminated
2019-09-17 18:39:18,734|I|main|[20190917_183840] test run completed in about 38 seconds
2019-09-17 18:39:18,890|I|main|No predefined nexial-setup found
2019-09-17 18:39:18,961|I|main|outputBase not set; output-to-cloud DISABLED!
2019-09-17 18:39:18,964|I|main|accessKey not set; output-to-cloud DISABLED!
2019-09-17 18:39:18,967|I|main|secretKey not set; output-to-cloud DISABLED!
2019-09-17 18:39:18,968|I|main|generating HTML output for this execution to C:\projects\Makemytrip\output\20190917_183840\execution-output.html
2019-09-17 18:39:20,184|I|main|generating JUnit XML output for this execution to C:\projects\Makemytrip\output\20190917_183840\junit.xml
2019-09-17 18:39:20,289|I|main|generated JUnit report for this execution: C:\projects\Makemytrip\output\20190917_183840\junit.xml
2019-09-17 18:39:20,290|I|main|nexial mailer not enabled: nexial.enableEmail=false
2019-09-17 18:39:20,291|I|main|skipped email notification as configured
2019-09-17 18:39:20,295|I|main|exiting Nexial...
2019-09-17 18:39:20,296|I|main|shutdown starts...
2019-09-17 18:39:20,297|I|main|Shutting down 'chrome' webdriver...
2019-09-17 18:39:24,392|I|main|shutdown ends...
2019-09-17 18:39:24,394|I|main|

/-END OF EXECUTION--------------------------------------------------------------
| » Execution Time: 38 sec.
| » Test Steps....: 13
| » Passed........: 12
| » Failed........: 1
| » Success Rate..: 92.31%
\----------------------------------------------------------nexial-core dev_0636-

2019-09-17 18:39:24,395|E|main|failure found; success rate is 92.31%
2019-09-17 18:39:24,397|I|main|End of Execution:
NEXIAL_OUTPUT:         C:\projects\Makemytrip\output\20190917_183840
NEXIAL_EXECUTION_HTML: C:\projects\Makemytrip\output\20190917_183840\execution-output.html
NEXIAL_JUNIT_XML:      C:\projects\Makemytrip\output\20190917_183840\junit.xml
NEXIAL_SUCCESS_RATE:   92.31%
NEXIAL_EXIT_STATUS:    -13
