2019-09-17 16:59:36,861|I|Thread-1|(DELAYED) nexial-core dev_0636 starting up...
2019-09-17 16:59:36,868|I|Thread-1|(DELAYED) data file resolved as C:\Users\ANNE~1.SIV\AppData\Local\Temp\yDxDI\Makemytrip.data.xlsx
2019-09-17 16:59:36,868|I|Thread-1|(DELAYED) input files and output directory resolved...
2019-09-17 16:59:36,868|I|Thread-1|(DELAYED) No predefined nexial-setup found
2019-09-17 16:59:36,868|I|Thread-1|(DELAYED) [20190917_165936] [C:\projects\Makemytrip\artifact\script\Makemytrip.xlsx] resolve RUN ID as 20190917_165936
2019-09-17 16:59:36,868|I|Thread-1|(DELAYED) [20190917_165936] [C:\projects\Makemytrip\artifact\script\Makemytrip.xlsx] new thread started
2019-09-17 16:59:36,869|I|Thread-1|No predefined nexial-setup found
2019-09-17 16:59:36,948|I|Thread-1|outputBase not set; output-to-cloud DISABLED!
2019-09-17 16:59:36,949|I|Thread-1|accessKey not set; output-to-cloud DISABLED!
2019-09-17 16:59:36,951|I|Thread-1|secretKey not set; output-to-cloud DISABLED!
2019-09-17 16:59:36,979|I|Thread-1|missing REQUIRED configuration; sms DISABLED!
2019-09-17 16:59:37,943|I|Thread-1|[20190917_165936] executing C:\projects\Makemytrip\artifact\script\Makemytrip.xlsx with 1 iteration(s)
2019-09-17 16:59:37,949|I|Thread-1|[20190917_165936] create directory C:\projects\Makemytrip\output\20190917_165936\captures
2019-09-17 16:59:37,950|I|Thread-1|[20190917_165936] create directory C:\projects\Makemytrip\output\20190917_165936\logs
2019-09-17 16:59:38,615|I|Thread-1|[20190917_165936] merging test data to tmp file C:\projects\Makemytrip\output\20190917_165936\Makemytrip.20190917_165937.001.xlsx
2019-09-17 16:59:38,617|I|Thread-1|refetching data from C:\projects\Makemytrip\artifact\data\Makemytrip.data.xlsx
2019-09-17 16:59:38,946|I|Thread-1|[20190917_165936] test script and test data merged to C:\projects\Makemytrip\output\20190917_165936\Makemytrip.20190917_165937.001.xlsx
2019-09-17 16:59:39,817|I|Thread-1|STARTS
2019-09-17 16:59:39,853|I|Thread-1|Makemytrip.20190917_165937.001 - executing iteration #1 of 1; Iteration Id 1
2019-09-17 16:59:39,864|I|Thread-1|Makemytrip.20190917_165937.001|Scenario - executing test scenario
2019-09-17 16:59:39,866|I|Thread-1|Makemytrip.20190917_165937.001|Scenario|Flight Booking - executing activity
2019-09-17 16:59:40,469|I|Thread-1|Makemytrip.20190917_165937.001|Scenario|Flight Booking|#  5|web.open(url) - executing open(url)(${url})
2019-09-17 16:59:40,483|I|Thread-1|No valid instance of webdriver, initializing...
2019-09-17 16:59:40,491|I|Thread-1|init chrome
2019-09-17 16:59:44,180|I|Thread-1|browser initialization completed for 'chrome'
2019-09-17 16:59:44,222|I|Thread-1|setting browser polling wait time to 800 ms
2019-09-17 16:59:44,248|I|Thread-1|setting browser page load timeout to 10000 ms
2019-09-17 16:59:44,599|E|Thread-1|Makemytrip.20190917_165937.001|Scenario|Flight Booking|#  5|web.open(url) - FAIL invalid URL: {}
2019-09-17 16:59:44,603|I|Thread-1|Makemytrip.20190917_165937.001|Scenario|Flight Booking - [ABORT] due to failure on fail-fast command: web.open(url)
2019-09-17 16:59:44,756|I|Thread-1|[Makemytrip.20190917_165937.001|Scenario] saving test scenario
2019-09-17 16:59:45,089|I|Thread-1|Makemytrip.20190917_165937.001 - [ABORT] fail-immediate in effect - test execution will stop now.
2019-09-17 16:59:45,097|I|Thread-1|[20190917_165936] 
/-TEST COMPLETE-----------------------------------------------------------------
| Test Output:    C:\projects\Makemytrip\output\20190917_165936\Makemytrip.20190917_165937.001.xlsx
| Iteration:      1
\-------------------------------------------------------------------------------
» Execution Time: 5236 ms
» Test Steps:     1
» Error(s):       1



2019-09-17 16:59:45,098|I|Thread-1|Makemytrip.20190917_165937.001 - [ABORT] fail-immediate in effect - test execution will stop now.
2019-09-17 16:59:46,334|I|Thread-1|[20190917_165936] 
/-TEST COMPLETE-----------------------------------------------------------------
| Test Script:    C:\projects\Makemytrip\artifact\script\Makemytrip.xlsx
\-------------------------------------------------------------------------------
» Execution Time: 9674 ms
» Iterations:     [1] total 1
» Test Steps:     1
» Passed:         0
» Error(s):       1
» Iteration 1 of 1: C:\projects\Makemytrip\output\20190917_165936\Makemytrip.20190917_165937.001.xlsx



2019-09-17 16:59:46,645|I|main|[20190917_165936] [C:\projects\Makemytrip\artifact\script\Makemytrip.xlsx] now completed
2019-09-17 16:59:46,646|I|main|[20190917_165936] all execution thread(s) have terminated
2019-09-17 16:59:46,647|I|main|[20190917_165936] test run completed in about 10 seconds
2019-09-17 16:59:46,779|I|main|No predefined nexial-setup found
2019-09-17 16:59:46,827|I|main|outputBase not set; output-to-cloud DISABLED!
2019-09-17 16:59:46,829|I|main|accessKey not set; output-to-cloud DISABLED!
2019-09-17 16:59:46,831|I|main|secretKey not set; output-to-cloud DISABLED!
2019-09-17 16:59:46,836|I|main|generating HTML output for this execution to C:\projects\Makemytrip\output\20190917_165936\execution-output.html
2019-09-17 16:59:47,716|I|main|generating JUnit XML output for this execution to C:\projects\Makemytrip\output\20190917_165936\junit.xml
2019-09-17 16:59:47,767|I|main|generated JUnit report for this execution: C:\projects\Makemytrip\output\20190917_165936\junit.xml
2019-09-17 16:59:47,769|I|main|nexial mailer not enabled: nexial.enableEmail=false
2019-09-17 16:59:47,770|I|main|skipped email notification as configured
2019-09-17 16:59:47,773|I|main|exiting Nexial...
2019-09-17 16:59:47,775|I|main|shutdown starts...
2019-09-17 16:59:47,775|I|main|Shutting down 'chrome' webdriver...
2019-09-17 16:59:51,594|I|main|shutdown ends...
2019-09-17 16:59:51,601|I|main|

/-END OF EXECUTION--------------------------------------------------------------
| » Execution Time: 10 sec.
| » Test Steps....: 1
| » Passed........: 0
| » Failed........: 1
| » Success Rate..: 0.00%
\----------------------------------------------------------nexial-core dev_0636-

2019-09-17 16:59:51,605|E|main|failure found; success rate is 0.00%
2019-09-17 16:59:51,608|I|main|End of Execution:
NEXIAL_OUTPUT:         C:\projects\Makemytrip\output\20190917_165936
NEXIAL_EXECUTION_HTML: C:\projects\Makemytrip\output\20190917_165936\execution-output.html
NEXIAL_JUNIT_XML:      C:\projects\Makemytrip\output\20190917_165936\junit.xml
NEXIAL_SUCCESS_RATE:   0.00%
NEXIAL_EXIT_STATUS:    -13
