2019-09-17 19:03:03,108|I|Thread-1|(DELAYED) nexial-core dev_0636 starting up...
2019-09-17 19:03:03,113|I|Thread-1|(DELAYED) data file resolved as C:\Users\ANNE~1.SIV\AppData\Local\Temp\SJrCu\Makemytrip.data.xlsx
2019-09-17 19:03:03,113|I|Thread-1|(DELAYED) input files and output directory resolved...
2019-09-17 19:03:03,113|I|Thread-1|(DELAYED) No predefined nexial-setup found
2019-09-17 19:03:03,113|I|Thread-1|(DELAYED) [20190917_190302] [C:\projects\Makemytrip\artifact\script\Makemytrip.xlsx] resolve RUN ID as 20190917_190302
2019-09-17 19:03:03,114|I|Thread-1|(DELAYED) [20190917_190302] [C:\projects\Makemytrip\artifact\script\Makemytrip.xlsx] new thread started
2019-09-17 19:03:03,114|I|Thread-1|No predefined nexial-setup found
2019-09-17 19:03:03,182|I|Thread-1|outputBase not set; output-to-cloud DISABLED!
2019-09-17 19:03:03,183|I|Thread-1|accessKey not set; output-to-cloud DISABLED!
2019-09-17 19:03:03,184|I|Thread-1|secretKey not set; output-to-cloud DISABLED!
2019-09-17 19:03:03,208|I|Thread-1|missing REQUIRED configuration; sms DISABLED!
2019-09-17 19:03:04,160|I|Thread-1|[20190917_190302] executing C:\projects\Makemytrip\artifact\script\Makemytrip.xlsx with 1 iteration(s)
2019-09-17 19:03:04,167|I|Thread-1|[20190917_190302] create directory C:\projects\Makemytrip\output\20190917_190302\captures
2019-09-17 19:03:04,168|I|Thread-1|[20190917_190302] create directory C:\projects\Makemytrip\output\20190917_190302\logs
2019-09-17 19:03:04,915|I|Thread-1|[20190917_190302] merging test data to tmp file C:\projects\Makemytrip\output\20190917_190302\Makemytrip.20190917_190304.001.xlsx
2019-09-17 19:03:04,917|I|Thread-1|refetching data from C:\projects\Makemytrip\artifact\data\Makemytrip.data.xlsx
2019-09-17 19:03:05,261|I|Thread-1|[20190917_190302] test script and test data merged to C:\projects\Makemytrip\output\20190917_190302\Makemytrip.20190917_190304.001.xlsx
2019-09-17 19:03:06,089|I|Thread-1|STARTS
2019-09-17 19:03:06,122|I|Thread-1|Makemytrip.20190917_190304.001 - executing iteration #1 of 1; Iteration Id 1
2019-09-17 19:03:06,135|I|Thread-1|Makemytrip.20190917_190304.001|Scenario - executing test scenario
2019-09-17 19:03:06,137|I|Thread-1|Makemytrip.20190917_190304.001|Scenario|Flight Booking - executing activity
2019-09-17 19:03:06,740|I|Thread-1|Makemytrip.20190917_190304.001|Scenario|Flight Booking|#  5|web.open(url) - executing open(url)(${URL})
2019-09-17 19:03:06,754|I|Thread-1|No valid instance of webdriver, initializing...
2019-09-17 19:03:06,759|I|Thread-1|init chrome
2019-09-17 19:03:10,267|I|Thread-1|browser initialization completed for 'chrome'
2019-09-17 19:03:10,300|I|Thread-1|setting browser polling wait time to 800 ms
2019-09-17 19:03:10,326|I|Thread-1|setting browser page load timeout to 10000 ms
2019-09-17 19:03:13,655|I|Thread-1|current browser window handle:CDwindow-F4D810880E092CA86DEF0241DE94BDE8
2019-09-17 19:03:14,083|I|Thread-1|Makemytrip.20190917_190304.001|Scenario|Flight Booking|#  5|web.open(url) - PASS opened URL https://www.easemytrip.com/
2019-09-17 19:03:14,692|I|Thread-1|Makemytrip.20190917_190304.001|Scenario|Flight Booking|#  6|web.maximizeWindow() - executing maximizeWindow()()
2019-09-17 19:03:16,255|I|Thread-1|Makemytrip.20190917_190304.001|Scenario|Flight Booking|#  6|web.maximizeWindow() - PASS browser window maximized
2019-09-17 19:03:16,879|I|Thread-1|Makemytrip.20190917_190304.001|Scenario|Flight Booking|#  7|web.assertTextContains(lo - executing assertTextContains(locator,text)(${loc.title}, ${homepage title})
2019-09-17 19:03:17,005|I|Thread-1|Makemytrip.20190917_190304.001|Scenario|Flight Booking|#  7|web.assertTextContains(lo - PASS validated text 'Search Lowest Airfare' contains 'Search Lowest Airfare'
2019-09-17 19:03:17,613|I|Thread-1|Makemytrip.20190917_190304.001|Scenario|Flight Booking|#  8|web.click(locator) - executing click(locator)(${loc.flight.icon})
2019-09-17 19:03:17,694|I|Thread-1|clicking '//div[@class='left-menu']//a[contains(text(),'Flight')]'...
2019-09-17 19:03:17,762|I|Thread-1|click target via JS, @id=
2019-09-17 19:03:19,219|I|Thread-1|clicked -> true
2019-09-17 19:03:19,222|I|Thread-1|Makemytrip.20190917_190304.001|Scenario|Flight Booking|#  8|web.click(locator) - PASS click via JS event
2019-09-17 19:03:19,824|I|Thread-1|Makemytrip.20190917_190304.001|Scenario|Flight Booking|#  9|web.assertTextContains(lo - executing assertTextContains(locator,text)(${loc.title}, ${flightpage title})
2019-09-17 19:03:19,927|I|Thread-1|Makemytrip.20190917_190304.001|Scenario|Flight Booking|#  9|web.assertTextContains(lo - PASS validated text 'Cheap Air Tickets' contains 'Cheap Air Tickets'
2019-09-17 19:03:20,530|I|Thread-1|Makemytrip.20190917_190304.001|Scenario|Flight Booking|# 10|web.typeKeys(locator,valu - executing typeKeys(locator,value)(${loc.from}, ${from})
2019-09-17 19:03:21,693|I|Thread-1|Makemytrip.20190917_190304.001|Scenario|Flight Booking|# 10|web.typeKeys(locator,valu - PASS typed text at '//input[@id='FromSector_show']'
2019-09-17 19:03:22,295|I|Thread-1|Makemytrip.20190917_190304.001|Scenario|Flight Booking|# 11|web.typeKeys(locator,valu - executing typeKeys(locator,value)(${loc.from}, {DOWN}{ENTER})
2019-09-17 19:03:22,988|I|Thread-1|Makemytrip.20190917_190304.001|Scenario|Flight Booking|# 11|web.typeKeys(locator,valu - PASS typed text at '//input[@id='FromSector_show']'
2019-09-17 19:03:23,591|I|Thread-1|Makemytrip.20190917_190304.001|Scenario|Flight Booking|# 12|web.type(locator,value) - executing type(locator,value)(${loc.to}, ${to})
2019-09-17 19:03:24,175|I|Thread-1|Makemytrip.20190917_190304.001|Scenario|Flight Booking|# 12|web.type(locator,value) - PASS typed text at '//input[@id='Editbox13_show']'
2019-09-17 19:03:24,778|I|Thread-1|Makemytrip.20190917_190304.001|Scenario|Flight Booking|# 13|web.typeKeys(locator,valu - executing typeKeys(locator,value)(${loc.to}, {DOWN}{ENTER})
2019-09-17 19:03:25,492|I|Thread-1|Makemytrip.20190917_190304.001|Scenario|Flight Booking|# 13|web.typeKeys(locator,valu - PASS typed text at '//input[@id='Editbox13_show']'
2019-09-17 19:03:26,095|I|Thread-1|Makemytrip.20190917_190304.001|Scenario|Flight Booking|# 14|web.click(locator) - executing click(locator)(${loc.click.date})
2019-09-17 19:03:26,156|I|Thread-1|clicking '//input[@id='ddate']'...
2019-09-17 19:03:26,208|I|Thread-1|click target via JS, @id=ddate
2019-09-17 19:03:26,293|I|Thread-1|clicked -> true
2019-09-17 19:03:26,297|I|Thread-1|Makemytrip.20190917_190304.001|Scenario|Flight Booking|# 14|web.click(locator) - PASS click via JS event
2019-09-17 19:03:26,903|I|Thread-1|Makemytrip.20190917_190304.001|Scenario|Flight Booking|# 15|web.click(locator) - executing click(locator)(${loc.date})
2019-09-17 19:03:26,971|I|Thread-1|clicking '//li[@id='frth_4_24/10/2019']'...
2019-09-17 19:03:27,020|I|Thread-1|click target via JS, @id=frth_4_24/10/2019
2019-09-17 19:03:27,104|I|Thread-1|clicked -> true
2019-09-17 19:03:27,107|I|Thread-1|Makemytrip.20190917_190304.001|Scenario|Flight Booking|# 15|web.click(locator) - PASS click via JS event
2019-09-17 19:03:27,713|I|Thread-1|Makemytrip.20190917_190304.001|Scenario|Flight Booking|# 16|web.click(locator) - executing click(locator)(${loc.search.button})
2019-09-17 19:03:27,803|I|Thread-1|clicking '//input[@value='Search']'...
2019-09-17 19:03:27,850|I|Thread-1|click target via JS, @id=
2019-09-17 19:03:29,903|I|Thread-1|clicked -> true
2019-09-17 19:03:29,906|I|Thread-1|Makemytrip.20190917_190304.001|Scenario|Flight Booking|# 16|web.click(locator) - PASS click via JS event
2019-09-17 19:03:30,508|I|Thread-1|Makemytrip.20190917_190304.001|Scenario|Flight Booking|# 17|web.assertElementPresent( - executing assertElementPresent(locator)(${loc.assert.searchpage})
2019-09-17 19:03:30,567|I|Thread-1|Makemytrip.20190917_190304.001|Scenario|Flight Booking|# 17|web.assertElementPresent( - PASS EXPECTED element '//div[@class='min-ht ng-scope chk_index']' found
2019-09-17 19:03:31,174|I|Thread-1|Makemytrip.20190917_190304.001|Scenario|Flight Booking|# 18|web.click(locator) - executing click(locator)(${loc.filter.nonstop})
2019-09-17 19:03:31,231|I|Thread-1|clicking '//input[@id='chkNonStop']'...
2019-09-17 19:03:31,272|I|Thread-1|click target via JS, @id=chkNonStop
2019-09-17 19:03:31,344|I|Thread-1|clicked -> true
2019-09-17 19:03:31,348|I|Thread-1|Makemytrip.20190917_190304.001|Scenario|Flight Booking|# 18|web.click(locator) - PASS click via JS event
2019-09-17 19:03:31,950|I|Thread-1|Makemytrip.20190917_190304.001|Scenario|Flight Booking|# 19|web.assertTextContains(lo - executing assertTextContains(locator,text)(${loc.assert.nonstop.textpresent})
2019-09-17 19:03:31,962|E|Thread-1|Makemytrip.20190917_190304.001|Scenario|Flight Booking|# 19|web.assertTextContains(lo - FAIL MISMATCHED parameters - web.assertTextContains EXPECTS 2 but found 1
2019-09-17 19:03:32,565|I|Thread-1|Makemytrip.20190917_190304.001|Scenario|Flight Booking|# 20|web.assertChecked(locator - executing assertChecked(locator)(${loc.assert.nonstop.checked})
2019-09-17 19:03:34,083|I|Thread-1|Makemytrip.20190917_190304.001|Scenario|Flight Booking|# 20|web.assertChecked(locator - PASS 
2019-09-17 19:03:34,688|I|Thread-1|Makemytrip.20190917_190304.001|Scenario|Flight Booking|# 21|web.click(locator) - executing click(locator)(${loc.booknow.button})
2019-09-17 19:03:34,747|I|Thread-1|clicking '(//button[@class='btn  book-bt-n'])[3]'...
2019-09-17 19:03:34,803|I|Thread-1|click target via JS, @id=
2019-09-17 19:03:37,578|I|Thread-1|clicked -> true
2019-09-17 19:03:37,581|I|Thread-1|Makemytrip.20190917_190304.001|Scenario|Flight Booking|# 21|web.click(locator) - PASS click via JS event
2019-09-17 19:03:38,184|I|Thread-1|Makemytrip.20190917_190304.001|Scenario|Flight Booking|# 22|web.assertElementPresent( - executing assertElementPresent(locator)(${loc.assert.booknow.button})
2019-09-17 19:03:38,363|I|Thread-1|Makemytrip.20190917_190304.001|Scenario|Flight Booking|# 22|web.assertElementPresent( - PASS EXPECTED element '//div[@class='fd-h']' found
2019-09-17 19:03:38,742|I|Thread-1|[Makemytrip.20190917_190304.001|Scenario] saving test scenario
2019-09-17 19:03:39,040|I|Thread-1|[20190917_190302] 
/-TEST COMPLETE-----------------------------------------------------------------
| Test Output:    C:\projects\Makemytrip\output\20190917_190302\Makemytrip.20190917_190304.001.xlsx
| Iteration:      1
\-------------------------------------------------------------------------------
» Execution Time: 32903 ms
» Test Steps:     18
» Error(s):       1



2019-09-17 19:03:40,610|I|Thread-1|[20190917_190302] 
/-TEST COMPLETE-----------------------------------------------------------------
| Test Script:    C:\projects\Makemytrip\artifact\script\Makemytrip.xlsx
\-------------------------------------------------------------------------------
» Execution Time: 37749 ms
» Iterations:     [1] total 1
» Test Steps:     18
» Passed:         17
» Error(s):       1
» Iteration 1 of 1: C:\projects\Makemytrip\output\20190917_190302\Makemytrip.20190917_190304.001.xlsx



2019-09-17 19:03:40,933|I|main|[20190917_190302] [C:\projects\Makemytrip\artifact\script\Makemytrip.xlsx] now completed
2019-09-17 19:03:40,935|I|main|[20190917_190302] all execution thread(s) have terminated
2019-09-17 19:03:40,937|I|main|[20190917_190302] test run completed in about 38 seconds
2019-09-17 19:03:41,112|I|main|No predefined nexial-setup found
2019-09-17 19:03:41,178|I|main|outputBase not set; output-to-cloud DISABLED!
2019-09-17 19:03:41,180|I|main|accessKey not set; output-to-cloud DISABLED!
2019-09-17 19:03:41,181|I|main|secretKey not set; output-to-cloud DISABLED!
2019-09-17 19:03:41,183|I|main|generating HTML output for this execution to C:\projects\Makemytrip\output\20190917_190302\execution-output.html
2019-09-17 19:03:42,254|I|main|generating JUnit XML output for this execution to C:\projects\Makemytrip\output\20190917_190302\junit.xml
2019-09-17 19:03:42,322|I|main|generated JUnit report for this execution: C:\projects\Makemytrip\output\20190917_190302\junit.xml
2019-09-17 19:03:42,322|I|main|nexial mailer not enabled: nexial.enableEmail=false
2019-09-17 19:03:42,322|I|main|skipped email notification as configured
2019-09-17 19:03:42,338|I|main|exiting Nexial...
2019-09-17 19:03:42,338|I|main|shutdown starts...
2019-09-17 19:03:42,338|I|main|Shutting down 'chrome' webdriver...
2019-09-17 19:03:46,432|I|main|shutdown ends...
2019-09-17 19:03:46,452|I|main|

/-END OF EXECUTION--------------------------------------------------------------
| » Execution Time: 38 sec.
| » Test Steps....: 18
| » Passed........: 17
| » Failed........: 1
| » Success Rate..: 94.44%
\----------------------------------------------------------nexial-core dev_0636-

2019-09-17 19:03:46,458|E|main|failure found; success rate is 94.44%
2019-09-17 19:03:46,468|I|main|End of Execution:
NEXIAL_OUTPUT:         C:\projects\Makemytrip\output\20190917_190302
NEXIAL_EXECUTION_HTML: C:\projects\Makemytrip\output\20190917_190302\execution-output.html
NEXIAL_JUNIT_XML:      C:\projects\Makemytrip\output\20190917_190302\junit.xml
NEXIAL_SUCCESS_RATE:   94.44%
NEXIAL_EXIT_STATUS:    -13
