2019-09-17 16:52:22,718|I|Thread-1|(DELAYED) nexial-core dev_0636 starting up...
2019-09-17 16:52:22,723|I|Thread-1|(DELAYED) data file resolved as C:\Users\ANNE~1.SIV\AppData\Local\Temp\MfpQh\Makemytrip.data.xlsx
2019-09-17 16:52:22,724|I|Thread-1|(DELAYED) input files and output directory resolved...
2019-09-17 16:52:22,724|I|Thread-1|(DELAYED) No predefined nexial-setup found
2019-09-17 16:52:22,724|I|Thread-1|(DELAYED) [20190917_165222] [C:\projects\Makemytrip\artifact\script\Makemytrip.xlsx] resolve RUN ID as 20190917_165222
2019-09-17 16:52:22,724|I|Thread-1|(DELAYED) [20190917_165222] [C:\projects\Makemytrip\artifact\script\Makemytrip.xlsx] new thread started
2019-09-17 16:52:22,724|I|Thread-1|No predefined nexial-setup found
2019-09-17 16:52:22,793|I|Thread-1|outputBase not set; output-to-cloud DISABLED!
2019-09-17 16:52:22,795|I|Thread-1|accessKey not set; output-to-cloud DISABLED!
2019-09-17 16:52:22,795|I|Thread-1|secretKey not set; output-to-cloud DISABLED!
2019-09-17 16:52:22,826|I|Thread-1|missing REQUIRED configuration; sms DISABLED!
2019-09-17 16:52:23,850|I|Thread-1|[20190917_165222] executing C:\projects\Makemytrip\artifact\script\Makemytrip.xlsx with 1 iteration(s)
2019-09-17 16:52:23,856|I|Thread-1|[20190917_165222] create directory C:\projects\Makemytrip\output\20190917_165222\captures
2019-09-17 16:52:23,861|I|Thread-1|[20190917_165222] create directory C:\projects\Makemytrip\output\20190917_165222\logs
2019-09-17 16:52:24,576|I|Thread-1|[20190917_165222] merging test data to tmp file C:\projects\Makemytrip\output\20190917_165222\Makemytrip.20190917_165223.001.xlsx
2019-09-17 16:52:24,578|I|Thread-1|refetching data from C:\projects\Makemytrip\artifact\data\Makemytrip.data.xlsx
2019-09-17 16:52:24,865|I|Thread-1|[20190917_165222] test script and test data merged to C:\projects\Makemytrip\output\20190917_165222\Makemytrip.20190917_165223.001.xlsx
2019-09-17 16:52:25,723|I|Thread-1|STARTS
2019-09-17 16:52:25,750|I|Thread-1|Makemytrip.20190917_165223.001 - executing iteration #1 of 1; Iteration Id 1
2019-09-17 16:52:25,761|I|Thread-1|Makemytrip.20190917_165223.001|Scenario - executing test scenario
2019-09-17 16:52:25,763|I|Thread-1|Makemytrip.20190917_165223.001|Scenario|Flight Booking - executing activity
2019-09-17 16:52:26,367|I|Thread-1|Makemytrip.20190917_165223.001|Scenario|Flight Booking|#  5|web.open(url) - executing open(url)(${url})
2019-09-17 16:52:26,378|I|Thread-1|No valid instance of webdriver, initializing...
2019-09-17 16:52:26,387|I|Thread-1|init chrome
2019-09-17 16:52:29,565|I|Thread-1|browser initialization completed for 'chrome'
2019-09-17 16:52:29,610|I|Thread-1|setting browser polling wait time to 800 ms
2019-09-17 16:52:29,638|I|Thread-1|setting browser page load timeout to 10000 ms
2019-09-17 16:52:30,138|E|Thread-1|Makemytrip.20190917_165223.001|Scenario|Flight Booking|#  5|web.open(url) - FAIL invalid URL: {}
2019-09-17 16:52:30,141|I|Thread-1|Makemytrip.20190917_165223.001|Scenario|Flight Booking - [ABORT] due to failure on fail-fast command: web.open(url)
2019-09-17 16:52:30,337|I|Thread-1|[Makemytrip.20190917_165223.001|Scenario] saving test scenario
2019-09-17 16:52:30,620|I|Thread-1|Makemytrip.20190917_165223.001 - [ABORT] fail-immediate in effect - test execution will stop now.
2019-09-17 16:52:30,629|I|Thread-1|[20190917_165222] 
/-TEST COMPLETE-----------------------------------------------------------------
| Test Output:    C:\projects\Makemytrip\output\20190917_165222\Makemytrip.20190917_165223.001.xlsx
| Iteration:      1
\-------------------------------------------------------------------------------
» Execution Time: 4873 ms
» Test Steps:     1
» Error(s):       1



2019-09-17 16:52:30,630|I|Thread-1|Makemytrip.20190917_165223.001 - [ABORT] fail-immediate in effect - test execution will stop now.
2019-09-17 16:52:33,317|I|Thread-1|[20190917_165222] 
/-TEST COMPLETE-----------------------------------------------------------------
| Test Script:    C:\projects\Makemytrip\artifact\script\Makemytrip.xlsx
\-------------------------------------------------------------------------------
» Execution Time: 10814 ms
» Iterations:     [1] total 1
» Test Steps:     1
» Passed:         0
» Error(s):       1
» Iteration 1 of 1: C:\projects\Makemytrip\output\20190917_165222\Makemytrip.20190917_165223.001.xlsx



2019-09-17 16:52:33,495|I|main|[20190917_165222] [C:\projects\Makemytrip\artifact\script\Makemytrip.xlsx] now completed
2019-09-17 16:52:33,496|I|main|[20190917_165222] all execution thread(s) have terminated
2019-09-17 16:52:33,496|I|main|[20190917_165222] test run completed in about 11 seconds
2019-09-17 16:52:33,733|I|main|No predefined nexial-setup found
2019-09-17 16:52:33,805|I|main|outputBase not set; output-to-cloud DISABLED!
2019-09-17 16:52:33,810|I|main|accessKey not set; output-to-cloud DISABLED!
2019-09-17 16:52:33,811|I|main|secretKey not set; output-to-cloud DISABLED!
2019-09-17 16:52:33,813|I|main|generating HTML output for this execution to C:\projects\Makemytrip\output\20190917_165222\execution-output.html
2019-09-17 16:52:34,868|I|main|generating JUnit XML output for this execution to C:\projects\Makemytrip\output\20190917_165222\junit.xml
2019-09-17 16:52:34,926|I|main|generated JUnit report for this execution: C:\projects\Makemytrip\output\20190917_165222\junit.xml
2019-09-17 16:52:34,977|I|main|nexial mailer not enabled: nexial.enableEmail=false
2019-09-17 16:52:34,978|I|main|skipped email notification as configured
2019-09-17 16:52:34,980|I|main|exiting Nexial...
2019-09-17 16:52:34,981|I|main|shutdown starts...
2019-09-17 16:52:34,984|I|main|Shutting down 'chrome' webdriver...
2019-09-17 16:52:40,765|I|main|shutdown ends...
2019-09-17 16:52:40,767|I|main|

/-END OF EXECUTION--------------------------------------------------------------
| » Execution Time: 11 sec.
| » Test Steps....: 1
| » Passed........: 0
| » Failed........: 1
| » Success Rate..: 0.00%
\----------------------------------------------------------nexial-core dev_0636-

2019-09-17 16:52:40,768|E|main|failure found; success rate is 0.00%
2019-09-17 16:52:40,770|I|main|End of Execution:
NEXIAL_OUTPUT:         C:\projects\Makemytrip\output\20190917_165222
NEXIAL_EXECUTION_HTML: C:\projects\Makemytrip\output\20190917_165222\execution-output.html
NEXIAL_JUNIT_XML:      C:\projects\Makemytrip\output\20190917_165222\junit.xml
NEXIAL_SUCCESS_RATE:   0.00%
NEXIAL_EXIT_STATUS:    -13
