2019-09-17 17:09:34,328|I|Thread-1|(DELAYED) nexial-core dev_0636 starting up...
2019-09-17 17:09:34,335|I|Thread-1|(DELAYED) data file resolved as C:\Users\ANNE~1.SIV\AppData\Local\Temp\ZNPkf\Makemytrip.data.xlsx
2019-09-17 17:09:34,335|I|Thread-1|(DELAYED) input files and output directory resolved...
2019-09-17 17:09:34,335|I|Thread-1|(DELAYED) No predefined nexial-setup found
2019-09-17 17:09:34,335|I|Thread-1|(DELAYED) [20190917_170933] [C:\projects\Makemytrip\artifact\script\Makemytrip.xlsx] resolve RUN ID as 20190917_170933
2019-09-17 17:09:34,335|I|Thread-1|(DELAYED) [20190917_170933] [C:\projects\Makemytrip\artifact\script\Makemytrip.xlsx] new thread started
2019-09-17 17:09:34,371|I|Thread-1|No predefined nexial-setup found
2019-09-17 17:09:34,442|I|Thread-1|outputBase not set; output-to-cloud DISABLED!
2019-09-17 17:09:34,443|I|Thread-1|accessKey not set; output-to-cloud DISABLED!
2019-09-17 17:09:34,443|I|Thread-1|secretKey not set; output-to-cloud DISABLED!
2019-09-17 17:09:34,468|I|Thread-1|missing REQUIRED configuration; sms DISABLED!
2019-09-17 17:09:36,177|I|Thread-1|[20190917_170933] executing C:\projects\Makemytrip\artifact\script\Makemytrip.xlsx with 1 iteration(s)
2019-09-17 17:09:36,184|I|Thread-1|[20190917_170933] create directory C:\projects\Makemytrip\output\20190917_170933\captures
2019-09-17 17:09:36,190|I|Thread-1|[20190917_170933] create directory C:\projects\Makemytrip\output\20190917_170933\logs
2019-09-17 17:09:37,196|I|Thread-1|[20190917_170933] merging test data to tmp file C:\projects\Makemytrip\output\20190917_170933\Makemytrip.20190917_170936.001.xlsx
2019-09-17 17:09:37,197|I|Thread-1|refetching data from C:\projects\Makemytrip\artifact\data\Makemytrip.data.xlsx
2019-09-17 17:09:37,835|I|Thread-1|[20190917_170933] test script and test data merged to C:\projects\Makemytrip\output\20190917_170933\Makemytrip.20190917_170936.001.xlsx
2019-09-17 17:09:39,290|I|Thread-1|STARTS
2019-09-17 17:09:39,320|I|Thread-1|Makemytrip.20190917_170936.001 - executing iteration #1 of 1; Iteration Id 1
2019-09-17 17:09:39,329|I|Thread-1|Makemytrip.20190917_170936.001|Scenario - executing test scenario
2019-09-17 17:09:39,331|I|Thread-1|Makemytrip.20190917_170936.001|Scenario|Flight Booking - executing activity
2019-09-17 17:09:39,934|I|Thread-1|Makemytrip.20190917_170936.001|Scenario|Flight Booking|#  5|web.open(url) - executing open(url)(${url})
2019-09-17 17:09:39,943|I|Thread-1|No valid instance of webdriver, initializing...
2019-09-17 17:09:39,948|I|Thread-1|init chrome
2019-09-17 17:09:43,464|I|Thread-1|browser initialization completed for 'chrome'
2019-09-17 17:09:43,505|I|Thread-1|setting browser polling wait time to 800 ms
2019-09-17 17:09:43,534|I|Thread-1|setting browser page load timeout to 10000 ms
2019-09-17 17:09:43,940|E|Thread-1|Makemytrip.20190917_170936.001|Scenario|Flight Booking|#  5|web.open(url) - FAIL invalid URL: {}
2019-09-17 17:09:43,948|I|Thread-1|Makemytrip.20190917_170936.001|Scenario|Flight Booking - [ABORT] due to failure on fail-fast command: web.open(url)
2019-09-17 17:09:43,954|I|Thread-1|Makemytrip.20190917_170936.001|Scenario - [ABORT] skipping test activity due to previous failure
2019-09-17 17:09:44,119|I|Thread-1|[Makemytrip.20190917_170936.001|Scenario] saving test scenario
2019-09-17 17:09:44,351|I|Thread-1|Makemytrip.20190917_170936.001 - [ABORT] fail-immediate in effect - test execution will stop now.
2019-09-17 17:09:44,356|I|Thread-1|[20190917_170933] 
/-TEST COMPLETE-----------------------------------------------------------------
| Test Output:    C:\projects\Makemytrip\output\20190917_170933\Makemytrip.20190917_170936.001.xlsx
| Iteration:      1
\-------------------------------------------------------------------------------
» Execution Time: 5033 ms
» Test Steps:     1
» Error(s):       1



2019-09-17 17:09:44,357|I|Thread-1|Makemytrip.20190917_170936.001 - [ABORT] fail-immediate in effect - test execution will stop now.
2019-09-17 17:09:46,379|I|Thread-1|[20190917_170933] 
/-TEST COMPLETE-----------------------------------------------------------------
| Test Script:    C:\projects\Makemytrip\artifact\script\Makemytrip.xlsx
\-------------------------------------------------------------------------------
» Execution Time: 12474 ms
» Iterations:     [1] total 1
» Test Steps:     1
» Passed:         0
» Error(s):       1
» Iteration 1 of 1: C:\projects\Makemytrip\output\20190917_170933\Makemytrip.20190917_170936.001.xlsx



2019-09-17 17:09:46,904|I|main|[20190917_170933] [C:\projects\Makemytrip\artifact\script\Makemytrip.xlsx] now completed
2019-09-17 17:09:46,905|I|main|[20190917_170933] all execution thread(s) have terminated
2019-09-17 17:09:46,905|I|main|[20190917_170933] test run completed in about 13 seconds
2019-09-17 17:09:47,048|I|main|No predefined nexial-setup found
2019-09-17 17:09:47,121|I|main|outputBase not set; output-to-cloud DISABLED!
2019-09-17 17:09:47,122|I|main|accessKey not set; output-to-cloud DISABLED!
2019-09-17 17:09:47,122|I|main|secretKey not set; output-to-cloud DISABLED!
2019-09-17 17:09:47,124|I|main|generating HTML output for this execution to C:\projects\Makemytrip\output\20190917_170933\execution-output.html
2019-09-17 17:09:48,112|I|main|generating JUnit XML output for this execution to C:\projects\Makemytrip\output\20190917_170933\junit.xml
2019-09-17 17:09:48,166|I|main|generated JUnit report for this execution: C:\projects\Makemytrip\output\20190917_170933\junit.xml
2019-09-17 17:09:48,166|I|main|nexial mailer not enabled: nexial.enableEmail=false
2019-09-17 17:09:48,167|I|main|skipped email notification as configured
2019-09-17 17:09:48,169|I|main|exiting Nexial...
2019-09-17 17:09:48,169|I|main|shutdown starts...
2019-09-17 17:09:48,170|I|main|Shutting down 'chrome' webdriver...
2019-09-17 17:09:52,079|I|main|shutdown ends...
2019-09-17 17:09:52,082|I|main|

/-END OF EXECUTION--------------------------------------------------------------
| » Execution Time: 13 sec.
| » Test Steps....: 1
| » Passed........: 0
| » Failed........: 1
| » Success Rate..: 0.00%
\----------------------------------------------------------nexial-core dev_0636-

2019-09-17 17:09:52,083|E|main|failure found; success rate is 0.00%
2019-09-17 17:09:52,086|I|main|End of Execution:
NEXIAL_OUTPUT:         C:\projects\Makemytrip\output\20190917_170933
NEXIAL_EXECUTION_HTML: C:\projects\Makemytrip\output\20190917_170933\execution-output.html
NEXIAL_JUNIT_XML:      C:\projects\Makemytrip\output\20190917_170933\junit.xml
NEXIAL_SUCCESS_RATE:   0.00%
NEXIAL_EXIT_STATUS:    -13
