2019-09-17 17:04:44,971|I|Thread-1|(DELAYED) nexial-core dev_0636 starting up...
2019-09-17 17:04:44,978|I|Thread-1|(DELAYED) data file resolved as C:\Users\ANNE~1.SIV\AppData\Local\Temp\dDSuV\Makemytrip.data.xlsx
2019-09-17 17:04:44,978|I|Thread-1|(DELAYED) input files and output directory resolved...
2019-09-17 17:04:44,978|I|Thread-1|(DELAYED) No predefined nexial-setup found
2019-09-17 17:04:44,978|I|Thread-1|(DELAYED) [20190917_170444] [C:\projects\Makemytrip\artifact\script\Makemytrip.xlsx] resolve RUN ID as 20190917_170444
2019-09-17 17:04:44,978|I|Thread-1|(DELAYED) [20190917_170444] [C:\projects\Makemytrip\artifact\script\Makemytrip.xlsx] new thread started
2019-09-17 17:04:44,979|I|Thread-1|No predefined nexial-setup found
2019-09-17 17:04:45,063|I|Thread-1|outputBase not set; output-to-cloud DISABLED!
2019-09-17 17:04:45,064|I|Thread-1|accessKey not set; output-to-cloud DISABLED!
2019-09-17 17:04:45,065|I|Thread-1|secretKey not set; output-to-cloud DISABLED!
2019-09-17 17:04:45,098|I|Thread-1|missing REQUIRED configuration; sms DISABLED!
2019-09-17 17:04:46,240|I|Thread-1|[20190917_170444] executing C:\projects\Makemytrip\artifact\script\Makemytrip.xlsx with 1 iteration(s)
2019-09-17 17:04:46,248|I|Thread-1|[20190917_170444] create directory C:\projects\Makemytrip\output\20190917_170444\captures
2019-09-17 17:04:46,250|I|Thread-1|[20190917_170444] create directory C:\projects\Makemytrip\output\20190917_170444\logs
2019-09-17 17:04:47,035|I|Thread-1|[20190917_170444] merging test data to tmp file C:\projects\Makemytrip\output\20190917_170444\Makemytrip.20190917_170446.001.xlsx
2019-09-17 17:04:47,037|I|Thread-1|refetching data from C:\projects\Makemytrip\artifact\data\Makemytrip.data.xlsx
2019-09-17 17:04:47,428|I|Thread-1|[20190917_170444] test script and test data merged to C:\projects\Makemytrip\output\20190917_170444\Makemytrip.20190917_170446.001.xlsx
2019-09-17 17:04:48,451|I|Thread-1|STARTS
2019-09-17 17:04:48,480|I|Thread-1|Makemytrip.20190917_170446.001 - executing iteration #1 of 1; Iteration Id 1
2019-09-17 17:04:48,492|I|Thread-1|Makemytrip.20190917_170446.001|Scenario - executing test scenario
2019-09-17 17:04:48,494|I|Thread-1|Makemytrip.20190917_170446.001|Scenario|Flight Booking - executing activity
2019-09-17 17:04:49,097|I|Thread-1|Makemytrip.20190917_170446.001|Scenario|Flight Booking|#  5|web.open(url) - executing open(url)(${url})
2019-09-17 17:04:49,108|I|Thread-1|No valid instance of webdriver, initializing...
2019-09-17 17:04:49,117|I|Thread-1|init chrome
2019-09-17 17:04:52,612|I|Thread-1|browser initialization completed for 'chrome'
2019-09-17 17:04:52,655|I|Thread-1|setting browser polling wait time to 800 ms
2019-09-17 17:04:52,686|I|Thread-1|setting browser page load timeout to 10000 ms
2019-09-17 17:04:53,029|E|Thread-1|Makemytrip.20190917_170446.001|Scenario|Flight Booking|#  5|web.open(url) - FAIL invalid URL: {}
2019-09-17 17:04:53,035|I|Thread-1|Makemytrip.20190917_170446.001|Scenario|Flight Booking - [ABORT] due to failure on fail-fast command: web.open(url)
2019-09-17 17:04:53,042|I|Thread-1|Makemytrip.20190917_170446.001|Scenario - [ABORT] skipping test activity due to previous failure
2019-09-17 17:04:53,307|I|Thread-1|[Makemytrip.20190917_170446.001|Scenario] saving test scenario
2019-09-17 17:04:53,772|I|Thread-1|Makemytrip.20190917_170446.001 - [ABORT] fail-immediate in effect - test execution will stop now.
2019-09-17 17:04:53,791|I|Thread-1|[20190917_170444] 
/-TEST COMPLETE-----------------------------------------------------------------
| Test Output:    C:\projects\Makemytrip\output\20190917_170444\Makemytrip.20190917_170446.001.xlsx
| Iteration:      1
\-------------------------------------------------------------------------------
» Execution Time: 5301 ms
» Test Steps:     1
» Error(s):       1



2019-09-17 17:04:53,795|I|Thread-1|Makemytrip.20190917_170446.001 - [ABORT] fail-immediate in effect - test execution will stop now.
2019-09-17 17:04:55,312|I|Thread-1|[20190917_170444] 
/-TEST COMPLETE-----------------------------------------------------------------
| Test Script:    C:\projects\Makemytrip\artifact\script\Makemytrip.xlsx
\-------------------------------------------------------------------------------
» Execution Time: 10605 ms
» Iterations:     [1] total 1
» Test Steps:     1
» Passed:         0
» Error(s):       1
» Iteration 1 of 1: C:\projects\Makemytrip\output\20190917_170444\Makemytrip.20190917_170446.001.xlsx



2019-09-17 17:04:55,713|I|main|[20190917_170444] [C:\projects\Makemytrip\artifact\script\Makemytrip.xlsx] now completed
2019-09-17 17:04:55,714|I|main|[20190917_170444] all execution thread(s) have terminated
2019-09-17 17:04:55,715|I|main|[20190917_170444] test run completed in about 11 seconds
2019-09-17 17:04:55,864|I|main|No predefined nexial-setup found
2019-09-17 17:04:55,945|I|main|outputBase not set; output-to-cloud DISABLED!
2019-09-17 17:04:55,947|I|main|accessKey not set; output-to-cloud DISABLED!
2019-09-17 17:04:55,949|I|main|secretKey not set; output-to-cloud DISABLED!
2019-09-17 17:04:55,954|I|main|generating HTML output for this execution to C:\projects\Makemytrip\output\20190917_170444\execution-output.html
2019-09-17 17:04:56,963|I|main|generating JUnit XML output for this execution to C:\projects\Makemytrip\output\20190917_170444\junit.xml
2019-09-17 17:04:57,017|I|main|generated JUnit report for this execution: C:\projects\Makemytrip\output\20190917_170444\junit.xml
2019-09-17 17:04:57,018|I|main|nexial mailer not enabled: nexial.enableEmail=false
2019-09-17 17:04:57,019|I|main|skipped email notification as configured
2019-09-17 17:04:57,022|I|main|exiting Nexial...
2019-09-17 17:04:57,022|I|main|shutdown starts...
2019-09-17 17:04:57,023|I|main|Shutting down 'chrome' webdriver...
2019-09-17 17:05:00,873|I|main|shutdown ends...
2019-09-17 17:05:00,882|I|main|

/-END OF EXECUTION--------------------------------------------------------------
| » Execution Time: 11 sec.
| » Test Steps....: 1
| » Passed........: 0
| » Failed........: 1
| » Success Rate..: 0.00%
\----------------------------------------------------------nexial-core dev_0636-

2019-09-17 17:05:00,892|E|main|failure found; success rate is 0.00%
2019-09-17 17:05:00,900|I|main|End of Execution:
NEXIAL_OUTPUT:         C:\projects\Makemytrip\output\20190917_170444
NEXIAL_EXECUTION_HTML: C:\projects\Makemytrip\output\20190917_170444\execution-output.html
NEXIAL_JUNIT_XML:      C:\projects\Makemytrip\output\20190917_170444\junit.xml
NEXIAL_SUCCESS_RATE:   0.00%
NEXIAL_EXIT_STATUS:    -13
