2019-09-17 17:12:57,381|I|Thread-1|(DELAYED) nexial-core dev_0636 starting up...
2019-09-17 17:12:57,389|I|Thread-1|(DELAYED) data file resolved as C:\Users\ANNE~1.SIV\AppData\Local\Temp\ovRru\Makemytrip.data.xlsx
2019-09-17 17:12:57,389|I|Thread-1|(DELAYED) input files and output directory resolved...
2019-09-17 17:12:57,389|I|Thread-1|(DELAYED) No predefined nexial-setup found
2019-09-17 17:12:57,389|I|Thread-1|(DELAYED) [20190917_171257] [C:\projects\Makemytrip\artifact\script\Makemytrip.xlsx] resolve RUN ID as 20190917_171257
2019-09-17 17:12:57,389|I|Thread-1|(DELAYED) [20190917_171257] [C:\projects\Makemytrip\artifact\script\Makemytrip.xlsx] new thread started
2019-09-17 17:12:57,390|I|Thread-1|No predefined nexial-setup found
2019-09-17 17:12:57,490|I|Thread-1|outputBase not set; output-to-cloud DISABLED!
2019-09-17 17:12:57,492|I|Thread-1|accessKey not set; output-to-cloud DISABLED!
2019-09-17 17:12:57,493|I|Thread-1|secretKey not set; output-to-cloud DISABLED!
2019-09-17 17:12:57,527|I|Thread-1|missing REQUIRED configuration; sms DISABLED!
2019-09-17 17:12:58,764|I|Thread-1|[20190917_171257] executing C:\projects\Makemytrip\artifact\script\Makemytrip.xlsx with 1 iteration(s)
2019-09-17 17:12:58,767|I|Thread-1|[20190917_171257] create directory C:\projects\Makemytrip\output\20190917_171257\captures
2019-09-17 17:12:58,767|I|Thread-1|[20190917_171257] create directory C:\projects\Makemytrip\output\20190917_171257\logs
2019-09-17 17:12:59,672|I|Thread-1|[20190917_171257] merging test data to tmp file C:\projects\Makemytrip\output\20190917_171257\Makemytrip.20190917_171258.001.xlsx
2019-09-17 17:12:59,674|I|Thread-1|refetching data from C:\projects\Makemytrip\artifact\data\Makemytrip.data.xlsx
2019-09-17 17:13:00,125|I|Thread-1|[20190917_171257] test script and test data merged to C:\projects\Makemytrip\output\20190917_171257\Makemytrip.20190917_171258.001.xlsx
2019-09-17 17:13:01,137|I|Thread-1|STARTS
2019-09-17 17:13:01,171|I|Thread-1|Makemytrip.20190917_171258.001 - executing iteration #1 of 1; Iteration Id 1
2019-09-17 17:13:01,185|I|Thread-1|Makemytrip.20190917_171258.001|Scenario - executing test scenario
2019-09-17 17:13:01,188|I|Thread-1|Makemytrip.20190917_171258.001|Scenario|Flight Booking - executing activity
2019-09-17 17:13:01,794|I|Thread-1|Makemytrip.20190917_171258.001|Scenario|Flight Booking|#  5|web.open(url) - executing open(url)({$URL})
2019-09-17 17:13:01,798|I|Thread-1|No valid instance of webdriver, initializing...
2019-09-17 17:13:01,800|I|Thread-1|init chrome
2019-09-17 17:13:05,206|I|Thread-1|browser initialization completed for 'chrome'
2019-09-17 17:13:05,250|I|Thread-1|setting browser polling wait time to 800 ms
2019-09-17 17:13:05,280|I|Thread-1|setting browser page load timeout to 10000 ms
2019-09-17 17:13:05,623|E|Thread-1|Makemytrip.20190917_171258.001|Scenario|Flight Booking|#  5|web.open(url) - FAIL invalid URL: {$URL}
2019-09-17 17:13:05,627|I|Thread-1|Makemytrip.20190917_171258.001|Scenario|Flight Booking - [ABORT] due to failure on fail-fast command: web.open(url)
2019-09-17 17:13:05,631|I|Thread-1|Makemytrip.20190917_171258.001|Scenario - [ABORT] skipping test activity due to previous failure
2019-09-17 17:13:05,819|I|Thread-1|[Makemytrip.20190917_171258.001|Scenario] saving test scenario
2019-09-17 17:13:06,080|I|Thread-1|Makemytrip.20190917_171258.001 - [ABORT] fail-immediate in effect - test execution will stop now.
2019-09-17 17:13:06,096|I|Thread-1|[20190917_171257] 
/-TEST COMPLETE-----------------------------------------------------------------
| Test Output:    C:\projects\Makemytrip\output\20190917_171257\Makemytrip.20190917_171258.001.xlsx
| Iteration:      1
\-------------------------------------------------------------------------------
» Execution Time: 4912 ms
» Test Steps:     1
» Error(s):       1



2019-09-17 17:13:06,099|I|Thread-1|Makemytrip.20190917_171258.001 - [ABORT] fail-immediate in effect - test execution will stop now.
2019-09-17 17:13:08,312|I|Thread-1|[20190917_171257] 
/-TEST COMPLETE-----------------------------------------------------------------
| Test Script:    C:\projects\Makemytrip\artifact\script\Makemytrip.xlsx
\-------------------------------------------------------------------------------
» Execution Time: 11193 ms
» Iterations:     [1] total 1
» Test Steps:     1
» Passed:         0
» Error(s):       1
» Iteration 1 of 1: C:\projects\Makemytrip\output\20190917_171257\Makemytrip.20190917_171258.001.xlsx



2019-09-17 17:13:09,129|I|main|[20190917_171257] [C:\projects\Makemytrip\artifact\script\Makemytrip.xlsx] now completed
2019-09-17 17:13:09,130|I|main|[20190917_171257] all execution thread(s) have terminated
2019-09-17 17:13:09,131|I|main|[20190917_171257] test run completed in about 12 seconds
2019-09-17 17:13:09,273|I|main|No predefined nexial-setup found
2019-09-17 17:13:09,372|I|main|outputBase not set; output-to-cloud DISABLED!
2019-09-17 17:13:09,374|I|main|accessKey not set; output-to-cloud DISABLED!
2019-09-17 17:13:09,376|I|main|secretKey not set; output-to-cloud DISABLED!
2019-09-17 17:13:09,382|I|main|generating HTML output for this execution to C:\projects\Makemytrip\output\20190917_171257\execution-output.html
2019-09-17 17:13:10,628|I|main|generating JUnit XML output for this execution to C:\projects\Makemytrip\output\20190917_171257\junit.xml
2019-09-17 17:13:10,715|I|main|generated JUnit report for this execution: C:\projects\Makemytrip\output\20190917_171257\junit.xml
2019-09-17 17:13:10,716|I|main|nexial mailer not enabled: nexial.enableEmail=false
2019-09-17 17:13:10,717|I|main|skipped email notification as configured
2019-09-17 17:13:10,721|I|main|exiting Nexial...
2019-09-17 17:13:10,722|I|main|shutdown starts...
2019-09-17 17:13:10,725|I|main|Shutting down 'chrome' webdriver...
2019-09-17 17:13:14,607|I|main|shutdown ends...
2019-09-17 17:13:14,612|I|main|

/-END OF EXECUTION--------------------------------------------------------------
| » Execution Time: 12 sec.
| » Test Steps....: 1
| » Passed........: 0
| » Failed........: 1
| » Success Rate..: 0.00%
\----------------------------------------------------------nexial-core dev_0636-

2019-09-17 17:13:14,618|E|main|failure found; success rate is 0.00%
2019-09-17 17:13:14,621|I|main|End of Execution:
NEXIAL_OUTPUT:         C:\projects\Makemytrip\output\20190917_171257
NEXIAL_EXECUTION_HTML: C:\projects\Makemytrip\output\20190917_171257\execution-output.html
NEXIAL_JUNIT_XML:      C:\projects\Makemytrip\output\20190917_171257\junit.xml
NEXIAL_SUCCESS_RATE:   0.00%
NEXIAL_EXIT_STATUS:    -13
