2019-09-17 18:22:39,898|I|Thread-1|(DELAYED) nexial-core dev_0636 starting up...
2019-09-17 18:22:39,910|I|Thread-1|(DELAYED) data file resolved as C:\Users\ANNE~1.SIV\AppData\Local\Temp\nzakU\Makemytrip.data.xlsx
2019-09-17 18:22:39,910|I|Thread-1|(DELAYED) input files and output directory resolved...
2019-09-17 18:22:39,910|I|Thread-1|(DELAYED) No predefined nexial-setup found
2019-09-17 18:22:39,911|I|Thread-1|(DELAYED) [20190917_182239] [C:\projects\Makemytrip\artifact\script\Makemytrip.xlsx] resolve RUN ID as 20190917_182239
2019-09-17 18:22:39,911|I|Thread-1|(DELAYED) [20190917_182239] [C:\projects\Makemytrip\artifact\script\Makemytrip.xlsx] new thread started
2019-09-17 18:22:39,911|I|Thread-1|No predefined nexial-setup found
2019-09-17 18:22:40,032|I|Thread-1|outputBase not set; output-to-cloud DISABLED!
2019-09-17 18:22:40,033|I|Thread-1|accessKey not set; output-to-cloud DISABLED!
2019-09-17 18:22:40,037|I|Thread-1|secretKey not set; output-to-cloud DISABLED!
2019-09-17 18:22:40,080|I|Thread-1|missing REQUIRED configuration; sms DISABLED!
2019-09-17 18:22:41,161|I|Thread-1|[20190917_182239] executing C:\projects\Makemytrip\artifact\script\Makemytrip.xlsx with 1 iteration(s)
2019-09-17 18:22:41,168|I|Thread-1|[20190917_182239] create directory C:\projects\Makemytrip\output\20190917_182239\captures
2019-09-17 18:22:41,172|I|Thread-1|[20190917_182239] create directory C:\projects\Makemytrip\output\20190917_182239\logs
2019-09-17 18:22:41,902|I|Thread-1|[20190917_182239] merging test data to tmp file C:\projects\Makemytrip\output\20190917_182239\Makemytrip.20190917_182241.001.xlsx
2019-09-17 18:22:41,904|I|Thread-1|refetching data from C:\projects\Makemytrip\artifact\data\Makemytrip.data.xlsx
2019-09-17 18:22:42,267|I|Thread-1|[20190917_182239] test script and test data merged to C:\projects\Makemytrip\output\20190917_182239\Makemytrip.20190917_182241.001.xlsx
2019-09-17 18:22:42,933|I|Thread-1|STARTS
2019-09-17 18:22:42,964|I|Thread-1|Makemytrip.20190917_182241.001 - executing iteration #1 of 1; Iteration Id 1
2019-09-17 18:22:42,975|I|Thread-1|Makemytrip.20190917_182241.001|Scenario - executing test scenario
2019-09-17 18:22:42,978|I|Thread-1|Makemytrip.20190917_182241.001|Scenario|Flight Booking - executing activity
2019-09-17 18:22:43,582|I|Thread-1|Makemytrip.20190917_182241.001|Scenario|Flight Booking|#  5|web.open(url) - executing open(url)(${URL})
2019-09-17 18:22:43,592|I|Thread-1|No valid instance of webdriver, initializing...
2019-09-17 18:22:43,595|I|Thread-1|init chrome
2019-09-17 18:22:47,024|I|Thread-1|browser initialization completed for 'chrome'
2019-09-17 18:22:47,062|I|Thread-1|setting browser polling wait time to 800 ms
2019-09-17 18:22:47,094|I|Thread-1|setting browser page load timeout to 10000 ms
2019-09-17 18:22:50,233|I|Thread-1|current browser window handle:CDwindow-E95BC9E9C4C9608FF6701339C1042BE3
2019-09-17 18:22:50,564|I|Thread-1|Makemytrip.20190917_182241.001|Scenario|Flight Booking|#  5|web.open(url) - PASS opened URL https://www.easemytrip.com/
2019-09-17 18:22:51,168|I|Thread-1|Makemytrip.20190917_182241.001|Scenario|Flight Booking|#  6|web.maximizeWindow() - executing maximizeWindow()()
2019-09-17 18:22:52,398|I|Thread-1|Makemytrip.20190917_182241.001|Scenario|Flight Booking|#  6|web.maximizeWindow() - PASS browser window maximized
2019-09-17 18:22:53,003|I|Thread-1|Makemytrip.20190917_182241.001|Scenario|Flight Booking|#  7|web.click(locator) - executing click(locator)(${loc.flight.icon})
2019-09-17 18:22:53,092|I|Thread-1|clicking '//div[@class='left-menu']//a[contains(text(),'Flight')]'...
2019-09-17 18:22:53,153|I|Thread-1|click target via JS, @id=
2019-09-17 18:22:54,594|I|Thread-1|clicked -> true
2019-09-17 18:22:54,597|I|Thread-1|Makemytrip.20190917_182241.001|Scenario|Flight Booking|#  7|web.click(locator) - PASS click via JS event
2019-09-17 18:22:55,200|I|Thread-1|Makemytrip.20190917_182241.001|Scenario|Flight Booking|#  8|web.typeKeys(locator,valu - executing typeKeys(locator,value)(${loc.from}, ${from})
2019-09-17 18:22:56,208|I|Thread-1|Makemytrip.20190917_182241.001|Scenario|Flight Booking|#  8|web.typeKeys(locator,valu - PASS typed text at '//input[@id='FromSector_show']'
2019-09-17 18:22:56,814|I|Thread-1|Makemytrip.20190917_182241.001|Scenario|Flight Booking|#  9|web.typeKeys(locator,valu - executing typeKeys(locator,value)(${loc.from}, {DOWN}{ENTER})
2019-09-17 18:22:57,637|I|Thread-1|Makemytrip.20190917_182241.001|Scenario|Flight Booking|#  9|web.typeKeys(locator,valu - PASS typed text at '//input[@id='FromSector_show']'
2019-09-17 18:22:58,240|I|Thread-1|Makemytrip.20190917_182241.001|Scenario|Flight Booking|# 10|web.type(locator,value) - executing type(locator,value)(${loc.to}, ${to})
2019-09-17 18:22:59,069|I|Thread-1|Makemytrip.20190917_182241.001|Scenario|Flight Booking|# 10|web.type(locator,value) - PASS typed text at '//input[@id='Editbox13_show']'
2019-09-17 18:22:59,671|I|Thread-1|Makemytrip.20190917_182241.001|Scenario|Flight Booking|# 11|web.typeKeys(locator,valu - executing typeKeys(locator,value)(${loc.to}, {DOWN}{ENTER})
2019-09-17 18:23:00,543|I|Thread-1|Makemytrip.20190917_182241.001|Scenario|Flight Booking|# 11|web.typeKeys(locator,valu - PASS typed text at '//input[@id='Editbox13_show']'
2019-09-17 18:23:01,154|I|Thread-1|Makemytrip.20190917_182241.001|Scenario|Flight Booking|# 12|web.click(locator) - executing click(locator)(${loc.click.date})
2019-09-17 18:23:01,230|I|Thread-1|clicking '//input[@id='ddate']'...
2019-09-17 18:23:01,282|I|Thread-1|click target via JS, @id=ddate
2019-09-17 18:23:01,392|I|Thread-1|clicked -> true
2019-09-17 18:23:01,396|I|Thread-1|Makemytrip.20190917_182241.001|Scenario|Flight Booking|# 12|web.click(locator) - PASS click via JS event
2019-09-17 18:23:02,006|I|Thread-1|Makemytrip.20190917_182241.001|Scenario|Flight Booking|# 13|web.click(locator) - executing click(locator)(${loc.date})
2019-09-17 18:23:02,080|I|Thread-1|clicking '//li[@id='frth_4_24/10/2019']'...
2019-09-17 18:23:02,129|I|Thread-1|click target via JS, @id=frth_4_24/10/2019
2019-09-17 18:23:02,213|I|Thread-1|clicked -> true
2019-09-17 18:23:02,215|I|Thread-1|Makemytrip.20190917_182241.001|Scenario|Flight Booking|# 13|web.click(locator) - PASS click via JS event
2019-09-17 18:23:02,817|I|Thread-1|Makemytrip.20190917_182241.001|Scenario|Flight Booking|# 14|web.click(locator) - executing click(locator)(${loc.search.button})
2019-09-17 18:23:02,894|I|Thread-1|clicking '//input[@value='Search']'...
2019-09-17 18:23:02,940|I|Thread-1|click target via JS, @id=
2019-09-17 18:23:07,741|I|Thread-1|clicked -> true
2019-09-17 18:23:07,744|I|Thread-1|Makemytrip.20190917_182241.001|Scenario|Flight Booking|# 14|web.click(locator) - PASS click via JS event
2019-09-17 18:23:07,978|I|Thread-1|[Makemytrip.20190917_182241.001|Scenario] saving test scenario
2019-09-17 18:23:08,287|I|Thread-1|[20190917_182239] 
/-TEST COMPLETE-----------------------------------------------------------------
| Test Output:    C:\projects\Makemytrip\output\20190917_182239\Makemytrip.20190917_182241.001.xlsx
| Iteration:      1
\-------------------------------------------------------------------------------
» Execution Time: 25308 ms
» Test Steps:     10
» Error(s):       0



2019-09-17 18:23:10,139|I|Thread-1|[20190917_182239] 
/-TEST COMPLETE-----------------------------------------------------------------
| Test Script:    C:\projects\Makemytrip\artifact\script\Makemytrip.xlsx
\-------------------------------------------------------------------------------
» Execution Time: 30491 ms
» Iterations:     [1] total 1
» Test Steps:     10
» Passed:         10
» Error(s):       0
» Iteration 1 of 1: C:\projects\Makemytrip\output\20190917_182239\Makemytrip.20190917_182241.001.xlsx



2019-09-17 18:23:10,698|I|main|[20190917_182239] [C:\projects\Makemytrip\artifact\script\Makemytrip.xlsx] now completed
2019-09-17 18:23:10,699|I|main|[20190917_182239] all execution thread(s) have terminated
2019-09-17 18:23:10,700|I|main|[20190917_182239] test run completed in about 31 seconds
2019-09-17 18:23:10,850|I|main|No predefined nexial-setup found
2019-09-17 18:23:10,923|I|main|outputBase not set; output-to-cloud DISABLED!
2019-09-17 18:23:10,924|I|main|accessKey not set; output-to-cloud DISABLED!
2019-09-17 18:23:10,926|I|main|secretKey not set; output-to-cloud DISABLED!
2019-09-17 18:23:10,928|I|main|generating HTML output for this execution to C:\projects\Makemytrip\output\20190917_182239\execution-output.html
2019-09-17 18:23:11,987|I|main|generating JUnit XML output for this execution to C:\projects\Makemytrip\output\20190917_182239\junit.xml
2019-09-17 18:23:12,071|I|main|generated JUnit report for this execution: C:\projects\Makemytrip\output\20190917_182239\junit.xml
2019-09-17 18:23:12,072|I|main|nexial mailer not enabled: nexial.enableEmail=false
2019-09-17 18:23:12,073|I|main|skipped email notification as configured
2019-09-17 18:23:12,076|I|main|exiting Nexial...
2019-09-17 18:23:12,077|I|main|shutdown starts...
2019-09-17 18:23:12,078|I|main|Shutting down 'chrome' webdriver...
2019-09-17 18:23:16,125|I|main|shutdown ends...
2019-09-17 18:23:16,127|I|main|

/-END OF EXECUTION--------------------------------------------------------------
| » Execution Time: 31 sec.
| » Test Steps....: 10
| » Passed........: 10
| » Failed........: 0
| » Success Rate..: 100.00%
\----------------------------------------------------------nexial-core dev_0636-

2019-09-17 18:23:16,128|I|main|ALL PASSED!
2019-09-17 18:23:16,130|I|main|End of Execution:
NEXIAL_OUTPUT:         C:\projects\Makemytrip\output\20190917_182239
NEXIAL_EXECUTION_HTML: C:\projects\Makemytrip\output\20190917_182239\execution-output.html
NEXIAL_JUNIT_XML:      C:\projects\Makemytrip\output\20190917_182239\junit.xml
NEXIAL_SUCCESS_RATE:   100.00%
NEXIAL_EXIT_STATUS:    0
